
                    EVEN-EVEN NUCLEUS Z = 28  A = 64
 GN =     0.359     GP =     0.266
 CN =   1.41659     CP =   0.00000     LAMN =  -8.44713     LAMP = -12.26174

          P R O T O N S
         1  1   0.00000   0.50000 -47.17023  34.90849   0.00000   1.00000
         2  1   1.00000   1.50000 -35.58788  23.32614   0.00000   1.00000
         3  1   1.00000   0.50000 -33.10252  20.84078   0.00000   1.00000
         4  1   2.00000   2.50000 -23.84353  11.58179   0.00000   1.00000
         5  2   0.00000   0.50000 -19.37866   7.11692   0.00000   1.00000
         6  1   2.00000   1.50000 -18.74000   6.47826   0.00000   1.00000
         7  1   3.00000   3.50000 -12.26274   0.00100   0.00000   1.00000
         8  2   1.00000   1.50000  -7.15860   5.10314   1.00000   0.00000
         9  1   3.00000   2.50000  -4.72786   7.53388   1.00000   0.00000
        10  2   1.00000   0.50000  -5.06019   7.20155   1.00000   0.00000

          N E U T R O N S
        11  1   0.00000   0.50000 -53.30770  44.88294   0.01578   0.99988
        12  1   1.00000   1.50000 -41.23568  32.81914   0.02159   0.99977
        13  1   1.00000   0.50000 -38.25695  29.84346   0.02374   0.99972
        14  1   2.00000   2.50000 -28.63597  20.23848   0.03502   0.99939
        15  2   0.00000   0.50000 -23.02915  14.65068   0.04840   0.99883
        16  1   2.00000   1.50000 -22.88763  14.50982   0.04887   0.99880
        17  1   3.00000   3.50000 -16.32211   8.00138   0.08887   0.99604
        18  2   1.00000   1.50000 -11.23119   3.12374   0.23317   0.97244
        19  1   3.00000   2.50000  -8.29046   1.42523   0.74496   0.66711
        20  2   1.00000   0.50000  -8.96716   1.50903   0.57244   0.81994
        21  1   4.00000   4.50000  -4.47786   4.21448   0.98535   0.17056
