
                    EVEN-EVEN NUCLEUS Z = 28  A = 64
 GN =     0.359     GP =     0.266
 CN =   1.42404     CP =   0.00000     LAMN =  -8.51108     LAMP = -12.26174

          P R O T O N S
         1  1   0.00000   0.50000 -47.05969  34.79795   0.00000   1.00000
         2  1   1.00000   1.50000 -35.56321  23.30147   0.00000   1.00000
         3  1   1.00000   0.50000 -33.19790  20.93616   0.00000   1.00000
         4  1   2.00000   2.50000 -23.86217  11.60043   0.00000   1.00000
         5  2   0.00000   0.50000 -19.37638   7.11464   0.00000   1.00000
         6  1   2.00000   1.50000 -18.88696   6.62522   0.00000   1.00000
         7  1   3.00000   3.50000 -12.33784   0.07610   0.00000   1.00000
         8  2   1.00000   1.50000  -7.27256   4.98918   1.00000   0.00000
         9  1   3.00000   2.50000  -4.87329   7.38845   1.00000   0.00000
        10  2   1.00000   0.50000  -5.20128   7.06046   1.00000   0.00000

          N E U T R O N S
        11  1   0.00000   0.50000 -53.13342  44.64506   0.01595   0.99987
        12  1   1.00000   1.50000 -41.02119  32.54128   0.02189   0.99976
        13  1   1.00000   0.50000 -38.25321  29.77621   0.02392   0.99971
        14  1   2.00000   2.50000 -28.50239  20.04197   0.03555   0.99937
        15  2   0.00000   0.50000 -23.25080  14.80836   0.04814   0.99884
        16  1   2.00000   1.50000 -22.99486  14.55362   0.04898   0.99880
        17  1   3.00000   3.50000 -16.28298   7.90129   0.09049   0.99590
        18  2   1.00000   1.50000 -11.24878   3.08592   0.23753   0.97138
        19  1   3.00000   2.50000  -8.37033   1.43098   0.74106   0.67143
        20  2   1.00000   0.50000  -8.99553   1.50419   0.58221   0.81304
        21  1   4.00000   4.50000  -4.51072   4.24626   0.98542   0.17016
