
                    EVEN-EVEN NUCLEUS Z = 28  A = 64
 GN =     0.359     GP =     0.266
 CN =   1.42452     CP =   0.00000     LAMN =  -8.51413     LAMP = -12.26174

          P R O T O N S
         1  1   0.00000   0.50000 -47.05449  34.79275   0.00000   1.00000
         2  1   1.00000   1.50000 -35.56102  23.29928   0.00000   1.00000
         3  1   1.00000   0.50000 -33.20037  20.93863   0.00000   1.00000
         4  1   2.00000   2.50000 -23.86220  11.60046   0.00000   1.00000
         5  2   0.00000   0.50000 -19.37770   7.11596   0.00000   1.00000
         6  1   2.00000   1.50000 -18.89235   6.63061   0.00000   1.00000
         7  1   3.00000   3.50000 -12.34057   0.07883   0.00000   1.00000
         8  2   1.00000   1.50000  -7.27738   4.98436   1.00000   0.00000
         9  1   3.00000   2.50000  -4.87947   7.38227   1.00000   0.00000
        10  2   1.00000   0.50000  -5.20708   7.05466   1.00000   0.00000

          N E U T R O N S
        11  1   0.00000   0.50000 -53.12375  44.63236   0.01596   0.99987
        12  1   1.00000   1.50000 -41.01001  32.52710   0.02190   0.99976
        13  1   1.00000   0.50000 -38.24976  29.76973   0.02393   0.99971
        14  1   2.00000   2.50000 -28.49596  20.03255   0.03558   0.99937
        15  2   0.00000   0.50000 -23.26125  14.81577   0.04813   0.99884
        16  1   2.00000   1.50000 -22.99783  14.55359   0.04900   0.99880
        17  1   3.00000   3.50000 -16.28165   7.89707   0.09057   0.99589
        18  2   1.00000   1.50000 -11.24974   3.08429   0.23775   0.97133
        19  1   3.00000   2.50000  -8.37419   1.43138   0.74087   0.67165
        20  2   1.00000   0.50000  -8.99654   1.50399   0.58277   0.81264
        21  1   4.00000   4.50000  -4.51321   4.24695   0.98541   0.17019
