
                    EVEN-EVEN NUCLEUS Z = 28  A = 64
 GN =     0.359     GP =     0.266
 CN =   1.42455     CP =   0.00000     LAMN =  -8.51453     LAMP = -12.26174

          P R O T O N S
         1  1   0.00000   0.50000 -47.05456  34.79282   0.00000   1.00000
         2  1   1.00000   1.50000 -35.56085  23.29911   0.00000   1.00000
         3  1   1.00000   0.50000 -33.20064  20.93890   0.00000   1.00000
         4  1   2.00000   2.50000 -23.86221  11.60047   0.00000   1.00000
         5  2   0.00000   0.50000 -19.37880   7.11706   0.00000   1.00000
         6  1   2.00000   1.50000 -18.89287   6.63113   0.00000   1.00000
         7  1   3.00000   3.50000 -12.34080   0.07906   0.00000   1.00000
         8  2   1.00000   1.50000  -7.27787   4.98387   1.00000   0.00000
         9  1   3.00000   2.50000  -4.88010   7.38164   1.00000   0.00000
        10  2   1.00000   0.50000  -5.20772   7.05402   1.00000   0.00000

          N E U T R O N S
        11  1   0.00000   0.50000 -53.12334  44.63155   0.01596   0.99987
        12  1   1.00000   1.50000 -41.00927  32.52595   0.02190   0.99976
        13  1   1.00000   0.50000 -38.24965  29.76921   0.02393   0.99971
        14  1   2.00000   2.50000 -28.49557  20.03176   0.03558   0.99937
        15  2   0.00000   0.50000 -23.26261  14.81671   0.04813   0.99884
        16  1   2.00000   1.50000 -22.99824  14.55359   0.04900   0.99880
        17  1   3.00000   3.50000 -16.28163   7.89665   0.09057   0.99589
        18  2   1.00000   1.50000 -11.24990   3.08409   0.23777   0.97132
        19  1   3.00000   2.50000  -8.37467   1.43140   0.74085   0.67167
        20  2   1.00000   0.50000  -8.99679   1.50397   0.58282   0.81260
        21  1   4.00000   4.50000  -4.51345   4.24712   0.98541   0.17019
