
                    EVEN-EVEN NUCLEUS Z = 28  A = 64
 GN =     0.359     GP =     0.266
 CN =   1.42458     CP =   0.00000     LAMN =  -8.51454     LAMP = -12.26174

          P R O T O N S
         1  1   0.00000   0.50000 -47.05439  34.79265   0.00000   1.00000
         2  1   1.00000   1.50000 -35.56084  23.29910   0.00000   1.00000
         3  1   1.00000   0.50000 -33.20060  20.93886   0.00000   1.00000
         4  1   2.00000   2.50000 -23.86221  11.60047   0.00000   1.00000
         5  2   0.00000   0.50000 -19.37854   7.11680   0.00000   1.00000
         6  1   2.00000   1.50000 -18.89290   6.63116   0.00000   1.00000
         7  1   3.00000   3.50000 -12.34082   0.07908   0.00000   1.00000
         8  2   1.00000   1.50000  -7.27795   4.98379   1.00000   0.00000
         9  1   3.00000   2.50000  -4.88016   7.38158   1.00000   0.00000
        10  2   1.00000   0.50000  -5.20769   7.05405   1.00000   0.00000

          N E U T R O N S
        11  1   0.00000   0.50000 -53.12240  44.63060   0.01596   0.99987
        12  1   1.00000   1.50000 -41.00919  32.52586   0.02190   0.99976
        13  1   1.00000   0.50000 -38.24953  29.76909   0.02393   0.99971
        14  1   2.00000   2.50000 -28.49554  20.03172   0.03558   0.99937
        15  2   0.00000   0.50000 -23.26117  14.81528   0.04813   0.99884
        16  1   2.00000   1.50000 -22.99828  14.55362   0.04900   0.99880
        17  1   3.00000   3.50000 -16.28162   7.89664   0.09057   0.99589
        18  2   1.00000   1.50000 -11.24989   3.08408   0.23778   0.97132
        19  1   3.00000   2.50000  -8.37473   1.43142   0.74083   0.67169
        20  2   1.00000   0.50000  -8.99662   1.50393   0.58286   0.81257
        21  1   4.00000   4.50000  -4.51347   4.24712   0.98541   0.17019
