
                    EVEN-EVEN NUCLEUS Z = 28  A = 62
 GN =     0.402     GP =     0.598
 CN =   1.59616     CP =   1.74507     LAMN =  -9.01704     LAMP =  -8.03767

          P R O T O N S
         1  1   0.00000   0.50000 -46.67059  38.67231   0.02257   0.99975
         2  1   1.00000   1.50000 -34.72334  26.74267   0.03264   0.99947
         3  1   1.00000   0.50000 -32.03854  24.06422   0.03628   0.99934
         4  1   2.00000   2.50000 -22.69308  14.75894   0.05922   0.99824
         5  2   0.00000   0.50000 -18.17114  10.28263   0.08516   0.99637
         6  1   2.00000   1.50000 -17.29561   9.42097   0.09302   0.99566
         7  1   3.00000   3.50000 -10.88415   3.33882   0.27153   0.96243
         8  2   1.00000   1.50000  -5.80996   2.82984   0.94531   0.32617
         9  1   3.00000   2.50000  -3.09209   5.24443   0.98565   0.16880
        10  2   1.00000   0.50000  -3.67097   4.70248   0.98199   0.18895

          N E U T R O N S
        11  1   0.00000   0.50000 -54.03228  45.04354   0.01772   0.99984
        12  1   1.00000   1.50000 -41.73045  32.75233   0.02437   0.99970
        13  1   1.00000   0.50000 -38.47040  29.49658   0.02707   0.99963
        14  1   2.00000   2.50000 -28.87077  19.91779   0.04010   0.99920
        15  2   0.00000   0.50000 -22.96567  14.03966   0.05694   0.99838
        16  1   2.00000   1.50000 -22.74569  13.82112   0.05784   0.99833
        17  1   3.00000   3.50000 -16.32278   7.47808   0.10734   0.99422
        18  2   1.00000   1.50000 -11.14699   2.66165   0.31604   0.94875
        19  1   3.00000   2.50000  -7.99504   1.89531   0.87728   0.47999
        20  2   1.00000   0.50000  -8.82685   1.60745   0.74777   0.66396
        21  1   4.00000   4.50000  -4.27937   4.99932   0.98683   0.16177
