
                    EVEN-EVEN NUCLEUS Z = 28  A = 62
 GN =     0.402     GP =     0.598
 CN =   1.62751     CP =   1.84036     LAMN =  -9.12131     LAMP =  -8.22112

          P R O T O N S
         1  1   0.00000   0.50000 -46.26238  38.08575   0.02417   0.99971
         2  1   1.00000   1.50000 -34.55159  26.39471   0.03488   0.99939
         3  1   1.00000   0.50000 -31.97457  23.82464   0.03865   0.99925
         4  1   2.00000   2.50000 -22.68479  14.58029   0.06324   0.99800
         5  2   0.00000   0.50000 -18.14686  10.09491   0.09154   0.99580
         6  1   2.00000   1.50000 -17.47329   9.43344   0.09802   0.99518
         7  1   3.00000   3.50000 -11.02913   3.35736   0.28603   0.95822
         8  2   1.00000   1.50000  -6.01518   2.87282   0.94018   0.34069
         9  1   3.00000   2.50000  -3.42442   5.13762   0.98327   0.18215
        10  2   1.00000   0.50000  -3.88109   4.71410   0.97996   0.19919

          N E U T R O N S
        11  1   0.00000   0.50000 -53.54952  44.45801   0.01831   0.99983
        12  1   1.00000   1.50000 -41.16032  32.08032   0.02537   0.99968
        13  1   1.00000   0.50000 -38.22810  29.15226   0.02792   0.99961
        14  1   2.00000   2.50000 -28.50142  19.44833   0.04188   0.99912
        15  2   0.00000   0.50000 -23.40055  14.37170   0.05671   0.99839
        16  1   2.00000   1.50000 -22.81954  13.79457   0.05909   0.99825
        17  1   3.00000   3.50000 -16.18078   7.24465   0.11305   0.99359
        18  2   1.00000   1.50000 -11.19507   2.63615   0.32660   0.94516
        19  1   3.00000   2.50000  -8.14699   1.89686   0.86996   0.49313
        20  2   1.00000   0.50000  -8.85718   1.64880   0.76164   0.64800
        21  1   4.00000   4.50000  -4.33099   5.05924   0.98662   0.16303
