
                    EVEN-EVEN NUCLEUS Z = 28  A = 62
 GN =     0.402     GP =     0.598
 CN =   1.63012     CP =   1.84581     LAMN =  -9.12874     LAMP =  -8.22984

          P R O T O N S
         1  1   0.00000   0.50000 -46.22268  38.03766   0.02427   0.99971
         2  1   1.00000   1.50000 -34.53182  26.36667   0.03502   0.99939
         3  1   1.00000   0.50000 -31.95666  23.79852   0.03881   0.99925
         4  1   2.00000   2.50000 -22.68028  14.56786   0.06348   0.99798
         5  2   0.00000   0.50000 -18.14137  10.08194   0.09193   0.99577
         6  1   2.00000   1.50000 -17.47765   9.43022   0.09834   0.99515
         7  1   3.00000   3.50000 -11.03642   3.35915   0.28679   0.95799
         8  2   1.00000   1.50000  -6.02329   2.87678   0.93995   0.34131
         9  1   3.00000   2.50000  -3.44611   5.12747   0.98310   0.18309
        10  2   1.00000   0.50000  -3.88980   4.71624   0.97986   0.19971

          N E U T R O N S
        11  1   0.00000   0.50000 -53.50791  44.40910   0.01836   0.99983
        12  1   1.00000   1.50000 -41.12082  32.03358   0.02545   0.99968
        13  1   1.00000   0.50000 -38.20319  29.12011   0.02800   0.99961
        14  1   2.00000   2.50000 -28.47738  19.41719   0.04201   0.99912
        15  2   0.00000   0.50000 -23.41683  14.38079   0.05677   0.99839
        16  1   2.00000   1.50000 -22.81839  13.78637   0.05922   0.99824
        17  1   3.00000   3.50000 -16.17204   7.22948   0.11347   0.99354
        18  2   1.00000   1.50000 -11.19716   2.63356   0.32756   0.94483
        19  1   3.00000   2.50000  -8.15795   1.89729   0.86939   0.49413
        20  2   1.00000   0.50000  -8.85917   1.65226   0.76261   0.64686
        21  1   4.00000   4.50000  -4.33542   5.06293   0.98660   0.16317
