
                    EVEN-EVEN NUCLEUS Z = 28  A = 62
 GN =     0.402     GP =     0.598
 CN =   1.63040     CP =   1.84617     LAMN =  -9.12944     LAMP =  -8.23044

          P R O T O N S
         1  1   0.00000   0.50000 -46.21879  38.03319   0.02428   0.99971
         2  1   1.00000   1.50000 -34.53034  26.36462   0.03503   0.99939
         3  1   1.00000   0.50000 -31.95594  23.79723   0.03882   0.99925
         4  1   2.00000   2.50000 -22.67996  14.56698   0.06350   0.99798
         5  2   0.00000   0.50000 -18.13932  10.07940   0.09197   0.99576
         6  1   2.00000   1.50000 -17.47830   9.43034   0.09836   0.99515
         7  1   3.00000   3.50000 -11.03698   3.35932   0.28684   0.95798
         8  2   1.00000   1.50000  -6.02370   2.87716   0.93994   0.34133
         9  1   3.00000   2.50000  -3.44772   5.12667   0.98308   0.18315
        10  2   1.00000   0.50000  -3.89084   4.71598   0.97984   0.19976

          N E U T R O N S
        11  1   0.00000   0.50000 -53.50363  44.40414   0.01836   0.99983
        12  1   1.00000   1.50000 -41.11783  32.02992   0.02546   0.99968
        13  1   1.00000   0.50000 -38.20188  29.11812   0.02801   0.99961
        14  1   2.00000   2.50000 -28.47572  19.41486   0.04203   0.99912
        15  2   0.00000   0.50000 -23.41640  14.37969   0.05678   0.99839
        16  1   2.00000   1.50000 -22.81867  13.78598   0.05924   0.99824
        17  1   3.00000   3.50000 -16.17155   7.22839   0.11351   0.99354
        18  2   1.00000   1.50000 -11.19699   2.63305   0.32770   0.94478
        19  1   3.00000   2.50000  -8.15889   1.89741   0.86934   0.49421
        20  2   1.00000   0.50000  -8.85968   1.65256   0.76264   0.64683
        21  1   4.00000   4.50000  -4.33587   5.06325   0.98659   0.16319
