
                    EVEN-EVEN NUCLEUS Z = 28  A = 62
 GN =     0.402     GP =     0.598
 CN =   1.63045     CP =   1.84621     LAMN =  -9.12953     LAMP =  -8.23052

          P R O T O N S
         1  1   0.00000   0.50000 -46.21881  38.03313   0.02428   0.99971
         2  1   1.00000   1.50000 -34.53019  26.36440   0.03503   0.99939
         3  1   1.00000   0.50000 -31.95597  23.79718   0.03882   0.99925
         4  1   2.00000   2.50000 -22.67993  14.56688   0.06350   0.99798
         5  2   0.00000   0.50000 -18.13986  10.07986   0.09197   0.99576
         6  1   2.00000   1.50000 -17.47841   9.43038   0.09836   0.99515
         7  1   3.00000   3.50000 -11.03704   3.35932   0.28684   0.95798
         8  2   1.00000   1.50000  -6.02376   2.87719   0.93994   0.34134
         9  1   3.00000   2.50000  -3.44789   5.12659   0.98308   0.18316
        10  2   1.00000   0.50000  -3.89107   4.71585   0.97984   0.19977

          N E U T R O N S
        11  1   0.00000   0.50000 -53.50335  44.40377   0.01836   0.99983
        12  1   1.00000   1.50000 -41.11755  32.02954   0.02546   0.99968
        13  1   1.00000   0.50000 -38.20180  29.11795   0.02801   0.99961
        14  1   2.00000   2.50000 -28.47560  19.41466   0.04203   0.99912
        15  2   0.00000   0.50000 -23.41674  14.37995   0.05678   0.99839
        16  1   2.00000   1.50000 -22.81879  13.78602   0.05924   0.99824
        17  1   3.00000   3.50000 -16.17155   7.22831   0.11352   0.99354
        18  2   1.00000   1.50000 -11.19692   2.63296   0.32772   0.94477
        19  1   3.00000   2.50000  -8.15904   1.89742   0.86933   0.49423
        20  2   1.00000   0.50000  -8.85968   1.65263   0.76265   0.64681
        21  1   4.00000   4.50000  -4.33595   5.06327   0.98659   0.16320
