
                    EVEN-EVEN NUCLEUS Z = 28  A = 62
 GN =     0.371     GP =     0.274
 CN =   1.34120     CP =   0.00000     LAMN =  -8.94174     LAMP = -10.88315

          P R O T O N S
         1  1   0.00000   0.50000 -46.67059  35.78744   0.00000   1.00000
         2  1   1.00000   1.50000 -34.72334  23.84019   0.00000   1.00000
         3  1   1.00000   0.50000 -32.03854  21.15538   0.00000   1.00000
         4  1   2.00000   2.50000 -22.69308  11.80993   0.00000   1.00000
         5  2   0.00000   0.50000 -18.17114   7.28798   0.00000   1.00000
         6  1   2.00000   1.50000 -17.29561   6.41245   0.00000   1.00000
         7  1   3.00000   3.50000 -10.88415   0.00100   0.00000   1.00000
         8  2   1.00000   1.50000  -5.80996   5.07320   1.00000   0.00000
         9  1   3.00000   2.50000  -3.09209   7.79107   1.00000   0.00000
        10  2   1.00000   0.50000  -3.67097   7.21218   1.00000   0.00000

          N E U T R O N S
        11  1   0.00000   0.50000 -54.03228  45.11048   0.01487   0.99989
        12  1   1.00000   1.50000 -41.73045  32.81613   0.02044   0.99979
        13  1   1.00000   0.50000 -38.47040  29.55910   0.02269   0.99974
        14  1   2.00000   2.50000 -28.87077  19.97411   0.03359   0.99944
        15  2   0.00000   0.50000 -22.96567  14.08792   0.04766   0.99886
        16  1   2.00000   1.50000 -22.74569  13.86895   0.04841   0.99883
        17  1   3.00000   3.50000 -16.32278   7.50191   0.08975   0.99596
        18  2   1.00000   1.50000 -11.14699   2.58107   0.26982   0.96291
        19  1   3.00000   2.50000  -7.99504   1.64167   0.88788   0.46007
        20  2   1.00000   0.50000  -8.82685   1.34611   0.73667   0.67626
        21  1   4.00000   4.50000  -4.27937   4.85145   0.99021   0.13959
