
                    EVEN-EVEN NUCLEUS Z = 28  A = 62
 GN =     0.371     GP =     0.274
 CN =   1.35985     CP =   0.00000     LAMN =  -9.03450     LAMP = -10.88315

          P R O T O N S
         1  1   0.00000   0.50000 -46.50727  35.62411   0.00000   1.00000
         2  1   1.00000   1.50000 -34.68081  23.79765   0.00000   1.00000
         3  1   1.00000   0.50000 -32.18533  21.30218   0.00000   1.00000
         4  1   2.00000   2.50000 -22.71680  11.83365   0.00000   1.00000
         5  2   0.00000   0.50000 -18.19720   7.31404   0.00000   1.00000
         6  1   2.00000   1.50000 -17.52998   6.64682   0.00000   1.00000
         7  1   3.00000   3.50000 -11.00449   0.12134   0.00000   1.00000
         8  2   1.00000   1.50000  -6.01764   4.86551   1.00000   0.00000
         9  1   3.00000   2.50000  -3.33027   7.55288   1.00000   0.00000
        10  2   1.00000   0.50000  -3.90441   6.97874   1.00000   0.00000

          N E U T R O N S
        11  1   0.00000   0.50000 -53.73287  44.71905   0.01521   0.99988
        12  1   1.00000   1.50000 -41.32962  32.32373   0.02104   0.99978
        13  1   1.00000   0.50000 -38.40196  29.39893   0.02313   0.99973
        14  1   2.00000   2.50000 -28.60944  19.62212   0.03467   0.99940
        15  2   0.00000   0.50000 -23.36640  14.39626   0.04728   0.99888
        16  1   2.00000   1.50000 -22.87864  13.91076   0.04894   0.99880
        17  1   3.00000   3.50000 -16.23789   7.33062   0.09316   0.99565
        18  2   1.00000   1.50000 -11.20084   2.55777   0.27662   0.96098
        19  1   3.00000   2.50000  -8.11381   1.64221   0.88336   0.46870
        20  2   1.00000   0.50000  -8.87699   1.36894   0.74668   0.66518
        21  1   4.00000   4.50000  -4.33517   4.89213   0.99010   0.14037
