
                    EVEN-EVEN NUCLEUS Z = 28  A = 62
 GN =     0.371     GP =     0.274
 CN =   1.36077     CP =   0.00000     LAMN =  -9.03841     LAMP = -10.88315

          P R O T O N S
         1  1   0.00000   0.50000 -46.49908  35.61593   0.00000   1.00000
         2  1   1.00000   1.50000 -34.67776  23.79461   0.00000   1.00000
         3  1   1.00000   0.50000 -32.18895  21.30580   0.00000   1.00000
         4  1   2.00000   2.50000 -22.71688  11.83373   0.00000   1.00000
         5  2   0.00000   0.50000 -18.19747   7.31432   0.00000   1.00000
         6  1   2.00000   1.50000 -17.53769   6.65453   0.00000   1.00000
         7  1   3.00000   3.50000 -11.00843   0.12528   0.00000   1.00000
         8  2   1.00000   1.50000  -6.02457   4.85859   1.00000   0.00000
         9  1   3.00000   2.50000  -3.33902   7.54413   1.00000   0.00000
        10  2   1.00000   0.50000  -3.91261   6.97055   1.00000   0.00000

          N E U T R O N S
        11  1   0.00000   0.50000 -53.71895  44.70126   0.01522   0.99988
        12  1   1.00000   1.50000 -41.31441  32.30467   0.02107   0.99978
        13  1   1.00000   0.50000 -38.39807  29.39117   0.02316   0.99973
        14  1   2.00000   2.50000 -28.60023  19.60909   0.03472   0.99940
        15  2   0.00000   0.50000 -23.37831  14.40432   0.04729   0.99888
        16  1   2.00000   1.50000 -22.88309  13.91140   0.04897   0.99880
        17  1   3.00000   3.50000 -16.23544   7.32455   0.09330   0.99564
        18  2   1.00000   1.50000 -11.20254   2.55640   0.27699   0.96087
        19  1   3.00000   2.50000  -8.11893   1.64230   0.88314   0.46911
        20  2   1.00000   0.50000  -8.87886   1.37010   0.74715   0.66466
        21  1   4.00000   4.50000  -4.33800   4.89342   0.99009   0.14043
