
                    EVEN-EVEN NUCLEUS Z = 28  A = 62
 GN =     0.371     GP =     0.274
 CN =   1.36091     CP =   0.00000     LAMN =  -9.03894     LAMP = -10.88315

          P R O T O N S
         1  1   0.00000   0.50000 -46.49851  35.61536   0.00000   1.00000
         2  1   1.00000   1.50000 -34.67752  23.79437   0.00000   1.00000
         3  1   1.00000   0.50000 -32.18929  21.30613   0.00000   1.00000
         4  1   2.00000   2.50000 -22.71689  11.83374   0.00000   1.00000
         5  2   0.00000   0.50000 -18.19779   7.31464   0.00000   1.00000
         6  1   2.00000   1.50000 -17.53841   6.65525   0.00000   1.00000
         7  1   3.00000   3.50000 -11.00875   0.12560   0.00000   1.00000
         8  2   1.00000   1.50000  -6.02531   4.85784   1.00000   0.00000
         9  1   3.00000   2.50000  -3.33995   7.54321   1.00000   0.00000
        10  2   1.00000   0.50000  -3.91356   6.96959   1.00000   0.00000

          N E U T R O N S
        11  1   0.00000   0.50000 -53.71800  44.69978   0.01522   0.99988
        12  1   1.00000   1.50000 -41.31332  32.30307   0.02107   0.99978
        13  1   1.00000   0.50000 -38.39773  29.39032   0.02316   0.99973
        14  1   2.00000   2.50000 -28.59971  19.60806   0.03472   0.99940
        15  2   0.00000   0.50000 -23.37979  14.40528   0.04729   0.99888
        16  1   2.00000   1.50000 -22.88370  13.91148   0.04897   0.99880
        17  1   3.00000   3.50000 -16.23542   7.32403   0.09331   0.99564
        18  2   1.00000   1.50000 -11.20271   2.55617   0.27705   0.96086
        19  1   3.00000   2.50000  -8.11971   1.64228   0.88310   0.46919
        20  2   1.00000   0.50000  -8.87894   1.37029   0.74725   0.66454
        21  1   4.00000   4.50000  -4.33834   4.89364   0.99009   0.14044
