
                    EVEN-EVEN NUCLEUS Z = 28  A = 62
 GN =     0.371     GP =     0.274
 CN =   1.36093     CP =   0.00000     LAMN =  -9.03893     LAMP = -10.88315

          P R O T O N S
         1  1   0.00000   0.50000 -46.49830  35.61514   0.00000   1.00000
         2  1   1.00000   1.50000 -34.67751  23.79435   0.00000   1.00000
         3  1   1.00000   0.50000 -32.18925  21.30609   0.00000   1.00000
         4  1   2.00000   2.50000 -22.71690  11.83375   0.00000   1.00000
         5  2   0.00000   0.50000 -18.19750   7.31435   0.00000   1.00000
         6  1   2.00000   1.50000 -17.53842   6.65527   0.00000   1.00000
         7  1   3.00000   3.50000 -11.00878   0.12563   0.00000   1.00000
         8  2   1.00000   1.50000  -6.02532   4.85784   1.00000   0.00000
         9  1   3.00000   2.50000  -3.33999   7.54316   1.00000   0.00000
        10  2   1.00000   0.50000  -3.91354   6.96961   1.00000   0.00000

          N E U T R O N S
        11  1   0.00000   0.50000 -53.71728  44.69908   0.01523   0.99988
        12  1   1.00000   1.50000 -41.31321  32.30296   0.02107   0.99978
        13  1   1.00000   0.50000 -38.39767  29.39027   0.02316   0.99973
        14  1   2.00000   2.50000 -28.59965  19.60800   0.03472   0.99940
        15  2   0.00000   0.50000 -23.37876  14.40427   0.04729   0.99888
        16  1   2.00000   1.50000 -22.88368  13.91148   0.04897   0.99880
        17  1   3.00000   3.50000 -16.23539   7.32401   0.09332   0.99564
        18  2   1.00000   1.50000 -11.20266   2.55615   0.27705   0.96085
        19  1   3.00000   2.50000  -8.11971   1.64228   0.88310   0.46919
        20  2   1.00000   0.50000  -8.87890   1.37031   0.74725   0.66454
        21  1   4.00000   4.50000  -4.33834   4.89364   0.99009   0.14044
