
                    EVEN-EVEN NUCLEUS Z = 28  A = 64
 GN =     0.000     GP =     0.000
 CN =   0.00000     CP =   0.00000     LAMN =  -8.28946     LAMP = -12.26174

          P R O T O N S
         1  1   0.00000   0.50000 -47.17023  34.90849   0.00000   1.00000
         2  1   1.00000   1.50000 -35.58788  23.32614   0.00000   1.00000
         3  1   1.00000   0.50000 -33.10252  20.84078   0.00000   1.00000
         4  1   2.00000   2.50000 -23.84353  11.58179   0.00000   1.00000
         5  2   0.00000   0.50000 -19.37866   7.11692   0.00000   1.00000
         6  1   2.00000   1.50000 -18.74000   6.47826   0.00000   1.00000
         7  1   3.00000   3.50000 -12.26274   0.00100   0.00000   1.00000
         8  2   1.00000   1.50000  -7.15860   5.10314   1.00000   0.00000
         9  1   3.00000   2.50000  -4.72786   7.53388   1.00000   0.00000
        10  2   1.00000   0.50000  -5.06019   7.20155   1.00000   0.00000

          N E U T R O N S
        11  1   0.00000   0.50000 -53.30770  45.01825   0.00000   1.00000
        12  1   1.00000   1.50000 -41.23568  32.94623   0.00000   1.00000
        13  1   1.00000   0.50000 -38.25695  29.96749   0.00000   1.00000
        14  1   2.00000   2.50000 -28.63597  20.34651   0.00000   1.00000
        15  2   0.00000   0.50000 -23.02915  14.73970   0.00000   1.00000
        16  1   2.00000   1.50000 -22.88763  14.59818   0.00000   1.00000
        17  1   3.00000   3.50000 -16.32211   8.03265   0.00000   1.00000
        18  2   1.00000   1.50000 -11.23119   2.94173   0.00000   1.00000
        19  1   3.00000   2.50000  -8.29046   0.00100   0.00000   1.00000
        20  2   1.00000   0.50000  -8.96716   0.67771   0.00000   1.00000
        21  1   4.00000   4.50000  -4.47786   3.81160   1.00000   0.00000
