
                    EVEN-EVEN NUCLEUS Z = 28  A = 64
 GN =     0.000     GP =     0.000
 CN =   0.00000     CP =   0.00000     LAMN =  -8.28946     LAMP = -12.26174

          P R O T O N S
         1  1   0.00000   0.50000 -47.16957  34.90783   0.00000   1.00000
         2  1   1.00000   1.50000 -35.58770  23.32596   0.00000   1.00000
         3  1   1.00000   0.50000 -33.10239  20.84065   0.00000   1.00000
         4  1   2.00000   2.50000 -23.84345  11.58171   0.00000   1.00000
         5  2   0.00000   0.50000 -19.37787   7.11613   0.00000   1.00000
         6  1   2.00000   1.50000 -18.73990   6.47816   0.00000   1.00000
         7  1   3.00000   3.50000 -12.26271   0.00097   0.00000   1.00000
         8  2   1.00000   1.50000  -7.15851   5.10323   1.00000   0.00000
         9  1   3.00000   2.50000  -4.72790   7.53384   1.00000   0.00000
        10  2   1.00000   0.50000  -5.06038   7.20136   1.00000   0.00000

          N E U T R O N S
        11  1   0.00000   0.50000 -53.30698  45.01752   0.00000   1.00000
        12  1   1.00000   1.50000 -41.23549  32.94604   0.00000   1.00000
        13  1   1.00000   0.50000 -38.25679  29.96733   0.00000   1.00000
        14  1   2.00000   2.50000 -28.63590  20.34645   0.00000   1.00000
        15  2   0.00000   0.50000 -23.02830  14.73885   0.00000   1.00000
        16  1   2.00000   1.50000 -22.88754  14.59809   0.00000   1.00000
        17  1   3.00000   3.50000 -16.32209   8.03263   0.00000   1.00000
        18  2   1.00000   1.50000 -11.23105   2.94159   0.00000   1.00000
        19  1   3.00000   2.50000  -8.29050   0.00104   0.00000   1.00000
        20  2   1.00000   0.50000  -8.96725   0.67779   0.00000   1.00000
        21  1   4.00000   4.50000  -4.47788   3.81158   1.00000   0.00000
