
                    EVEN-EVEN NUCLEUS Z = 28  A = 64
 GN =     0.000     GP =     0.000
 CN =   0.00000     CP =   0.00000     LAMN =  -8.28946     LAMP = -12.26174

          P R O T O N S
         1  1   0.00000   0.50000 -47.16918  34.90744   0.00000   1.00000
         2  1   1.00000   1.50000 -35.58780  23.32606   0.00000   1.00000
         3  1   1.00000   0.50000 -33.10222  20.84048   0.00000   1.00000
         4  1   2.00000   2.50000 -23.84345  11.58171   0.00000   1.00000
         5  2   0.00000   0.50000 -19.37671   7.11497   0.00000   1.00000
         6  1   2.00000   1.50000 -18.73977   6.47803   0.00000   1.00000
         7  1   3.00000   3.50000 -12.26266   0.00092   0.00000   1.00000
         8  2   1.00000   1.50000  -7.15857   5.10318   1.00000   0.00000
         9  1   3.00000   2.50000  -4.72778   7.53396   1.00000   0.00000
        10  2   1.00000   0.50000  -5.06007   7.20167   1.00000   0.00000

          N E U T R O N S
        11  1   0.00000   0.50000 -53.30709  45.01763   0.00000   1.00000
        12  1   1.00000   1.50000 -41.23562  32.94617   0.00000   1.00000
        13  1   1.00000   0.50000 -38.25652  29.96706   0.00000   1.00000
        14  1   2.00000   2.50000 -28.63593  20.34647   0.00000   1.00000
        15  2   0.00000   0.50000 -23.02812  14.73866   0.00000   1.00000
        16  1   2.00000   1.50000 -22.88742  14.59797   0.00000   1.00000
        17  1   3.00000   3.50000 -16.32206   8.03260   0.00000   1.00000
        18  2   1.00000   1.50000 -11.23114   2.94168   0.00000   1.00000
        19  1   3.00000   2.50000  -8.29041   0.00095   0.00000   1.00000
        20  2   1.00000   0.50000  -8.96675   0.67729   0.00000   1.00000
        21  1   4.00000   4.50000  -4.47781   3.81165   1.00000   0.00000
