
                    EVEN-EVEN NUCLEUS Z = 28  A = 64
 GN =     0.000     GP =     0.000
 CN =   0.00000     CP =   0.00000     LAMN =  -8.28946     LAMP = -12.26174

          P R O T O N S
         1  1   0.00000   0.50000 -47.16924  34.90750   0.00000   1.00000
         2  1   1.00000   1.50000 -35.58781  23.32607   0.00000   1.00000
         3  1   1.00000   0.50000 -33.10227  20.84053   0.00000   1.00000
         4  1   2.00000   2.50000 -23.84346  11.58172   0.00000   1.00000
         5  2   0.00000   0.50000 -19.37678   7.11504   0.00000   1.00000
         6  1   2.00000   1.50000 -18.73982   6.47808   0.00000   1.00000
         7  1   3.00000   3.50000 -12.26266   0.00092   0.00000   1.00000
         8  2   1.00000   1.50000  -7.15862   5.10312   1.00000   0.00000
         9  1   3.00000   2.50000  -4.72781   7.53393   1.00000   0.00000
        10  2   1.00000   0.50000  -5.06011   7.20163   1.00000   0.00000

          N E U T R O N S
        11  1   0.00000   0.50000 -53.30700  45.01754   0.00000   1.00000
        12  1   1.00000   1.50000 -41.23561  32.94616   0.00000   1.00000
        13  1   1.00000   0.50000 -38.25657  29.96712   0.00000   1.00000
        14  1   2.00000   2.50000 -28.63592  20.34646   0.00000   1.00000
        15  2   0.00000   0.50000 -23.02798  14.73853   0.00000   1.00000
        16  1   2.00000   1.50000 -22.88747  14.59801   0.00000   1.00000
        17  1   3.00000   3.50000 -16.32206   8.03260   0.00000   1.00000
        18  2   1.00000   1.50000 -11.23116   2.94170   0.00000   1.00000
        19  1   3.00000   2.50000  -8.29043   0.00098   0.00000   1.00000
        20  2   1.00000   0.50000  -8.96681   0.67736   0.00000   1.00000
        21  1   4.00000   4.50000  -4.47782   3.81163   1.00000   0.00000
