
                    EVEN-EVEN NUCLEUS Z = 28  A = 64
 GN =     0.000     GP =     0.000
 CN =   0.00000     CP =   0.00000     LAMN =  -8.28946     LAMP = -12.26174

          P R O T O N S
         1  1   0.00000   0.50000 -47.16712  34.90538   0.00000   1.00000
         2  1   1.00000   1.50000 -35.58743  23.32569   0.00000   1.00000
         3  1   1.00000   0.50000 -33.10246  20.84072   0.00000   1.00000
         4  1   2.00000   2.50000 -23.84347  11.58173   0.00000   1.00000
         5  2   0.00000   0.50000 -19.37424   7.11250   0.00000   1.00000
         6  1   2.00000   1.50000 -18.74004   6.47830   0.00000   1.00000
         7  1   3.00000   3.50000 -12.26280   0.00106   0.00000   1.00000
         8  2   1.00000   1.50000  -7.15807   5.10367   1.00000   0.00000
         9  1   3.00000   2.50000  -4.72806   7.53368   1.00000   0.00000
        10  2   1.00000   0.50000  -5.06055   7.20119   1.00000   0.00000

          N E U T R O N S
        11  1   0.00000   0.50000 -53.30450  45.01504   0.00000   1.00000
        12  1   1.00000   1.50000 -41.23517  32.94572   0.00000   1.00000
        13  1   1.00000   0.50000 -38.25684  29.96738   0.00000   1.00000
        14  1   2.00000   2.50000 -28.63589  20.34643   0.00000   1.00000
        15  2   0.00000   0.50000 -23.02486  14.73541   0.00000   1.00000
        16  1   2.00000   1.50000 -22.88767  14.59821   0.00000   1.00000
        17  1   3.00000   3.50000 -16.32216   8.03270   0.00000   1.00000
        18  2   1.00000   1.50000 -11.23058   2.94113   0.00000   1.00000
        19  1   3.00000   2.50000  -8.29064   0.00118   0.00000   1.00000
        20  2   1.00000   0.50000  -8.96741   0.67795   0.00000   1.00000
        21  1   4.00000   4.50000  -4.47797   3.81149   1.00000   0.00000
