
                    EVEN-EVEN NUCLEUS Z = 28  A = 64
 GN =     0.380     GP =     0.596
 CN =   1.57504     CP =   1.78726     LAMN =  -8.44756     LAMP =  -9.42767

          P R O T O N S
         1  1   0.00000   0.50000 -47.17023  37.78485   0.02366   0.99972
         2  1   1.00000   1.50000 -35.58788  26.22119   0.03410   0.99942
         3  1   1.00000   0.50000 -33.10252  23.74221   0.03767   0.99929
         4  1   2.00000   2.50000 -23.84353  14.52623   0.06164   0.99810
         5  2   0.00000   0.50000 -19.37866  10.11022   0.08874   0.99605
         6  1   2.00000   1.50000 -18.74000   9.48229   0.09467   0.99551
         7  1   3.00000   3.50000 -12.26274   3.35141   0.27755   0.96071
         8  2   1.00000   1.50000  -7.15860   2.88842   0.94487   0.32743
         9  1   3.00000   2.50000  -4.72786   5.02817   0.98354   0.18070
        10  2   1.00000   0.50000  -5.06019   4.71902   0.98120   0.19300

          N E U T R O N S
        11  1   0.00000   0.50000 -53.30770  44.88779   0.01755   0.99985
        12  1   1.00000   1.50000 -41.23568  32.82594   0.02400   0.99971
        13  1   1.00000   0.50000 -38.25695  29.85097   0.02639   0.99965
        14  1   2.00000   2.50000 -28.63597  20.24976   0.03892   0.99924
        15  2   0.00000   0.50000 -23.02915  14.66641   0.05377   0.99855
        16  1   2.00000   1.50000 -22.88763  14.52572   0.05430   0.99852
        17  1   3.00000   3.50000 -16.32211   8.03052   0.09855   0.99513
        18  2   1.00000   1.50000 -11.23119   3.19834   0.25462   0.96704
        19  1   3.00000   2.50000  -8.29046   1.58285   0.74137   0.67110
        20  2   1.00000   0.50000  -8.96716   1.65853   0.58596   0.81034
        21  1   4.00000   4.50000  -4.47786   4.27075   0.98222   0.18774
