
                    EVEN-EVEN NUCLEUS Z = 28  A = 64
 GN =     0.380     GP =     0.596
 CN =   1.58735     CP =   1.83764     LAMN =  -8.52015     LAMP =  -9.53259

          P R O T O N S
         1  1   0.00000   0.50000 -46.82978  37.34244   0.02461   0.99970
         2  1   1.00000   1.50000 -35.43715  25.96965   0.03540   0.99937
         3  1   1.00000   0.50000 -32.97754  23.51686   0.03910   0.99924
         4  1   2.00000   2.50000 -23.82803  14.41307   0.06388   0.99796
         5  2   0.00000   0.50000 -19.33031   9.96856   0.09257   0.99571
         6  1   2.00000   1.50000 -18.81517   9.46272   0.09756   0.99523
         7  1   3.00000   3.50000 -12.35446   3.36747   0.28462   0.95864
         8  2   1.00000   1.50000  -7.25545   2.92614   0.94292   0.33301
         9  1   3.00000   2.50000  -4.95037   4.93697   0.98187   0.18955
        10  2   1.00000   0.50000  -5.15386   4.74871   0.98033   0.19737

          N E U T R O N S
        11  1   0.00000   0.50000 -52.99290  44.50107   0.01784   0.99984
        12  1   1.00000   1.50000 -40.87789  32.39665   0.02451   0.99970
        13  1   1.00000   0.50000 -38.08082  29.60325   0.02682   0.99964
        14  1   2.00000   2.50000 -28.40849  19.95158   0.03981   0.99921
        15  2   0.00000   0.50000 -23.29767  14.86253   0.05348   0.99857
        16  1   2.00000   1.50000 -22.92569  14.49273   0.05485   0.99849
        17  1   3.00000   3.50000 -16.23042   7.87197   0.10134   0.99485
        18  2   1.00000   1.50000 -11.24873   3.15671   0.26041   0.96550
        19  1   3.00000   2.50000  -8.39450   1.59231   0.73448   0.67863
        20  2   1.00000   0.50000  -8.96890   1.64956   0.60331   0.79751
        21  1   4.00000   4.50000  -4.50290   4.31948   0.98235   0.18704
