
                    EVEN-EVEN NUCLEUS Z = 28  A = 64
 GN =     0.380     GP =     0.596
 CN =   1.58835     CP =   1.84203     LAMN =  -8.52626     LAMP =  -9.53924

          P R O T O N S
         1  1   0.00000   0.50000 -46.80909  37.31534   0.02469   0.99970
         2  1   1.00000   1.50000 -35.42591  25.95212   0.03551   0.99937
         3  1   1.00000   0.50000 -32.97089  23.50394   0.03922   0.99923
         4  1   2.00000   2.50000 -23.82533  14.40435   0.06407   0.99795
         5  2   0.00000   0.50000 -19.33172   9.96423   0.09283   0.99568
         6  1   2.00000   1.50000 -18.82088   9.46266   0.09780   0.99521
         7  1   3.00000   3.50000 -12.35932   3.36837   0.28529   0.95844
         8  2   1.00000   1.50000  -7.26260   2.92851   0.94271   0.33361
         9  1   3.00000   2.50000  -4.96439   4.93177   0.98174   0.19022
        10  2   1.00000   0.50000  -5.16148   4.74952   0.98024   0.19783

          N E U T R O N S
        11  1   0.00000   0.50000 -52.96795  44.47006   0.01786   0.99984
        12  1   1.00000   1.50000 -40.85138  32.36412   0.02455   0.99970
        13  1   1.00000   0.50000 -38.06606  29.58247   0.02686   0.99964
        14  1   2.00000   2.50000 -28.39274  19.92987   0.03988   0.99920
        15  2   0.00000   0.50000 -23.31562  14.87441   0.05347   0.99857
        16  1   2.00000   1.50000 -22.92684  14.48790   0.05490   0.99849
        17  1   3.00000   3.50000 -16.22593   7.86179   0.10154   0.99483
        18  2   1.00000   1.50000 -11.25129   3.15414   0.26082   0.96539
        19  1   3.00000   2.50000  -8.40248   1.59317   0.73406   0.67908
        20  2   1.00000   0.50000  -8.97073   1.64937   0.60437   0.79670
        21  1   4.00000   4.50000  -4.50745   4.32131   0.98234   0.18708
