
                    EVEN-EVEN NUCLEUS Z = 28  A = 64
 GN =     0.380     GP =     0.596
 CN =   1.58836     CP =   1.84199     LAMN =  -8.52598     LAMP =  -9.53934

          P R O T O N S
         1  1   0.00000   0.50000 -46.80671  37.31287   0.02469   0.99970
         2  1   1.00000   1.50000 -35.42515  25.95127   0.03551   0.99937
         3  1   1.00000   0.50000 -32.96966  23.50262   0.03922   0.99923
         4  1   2.00000   2.50000 -23.82512  14.40405   0.06407   0.99795
         5  2   0.00000   0.50000 -19.32946   9.96190   0.09285   0.99568
         6  1   2.00000   1.50000 -18.82052   9.46220   0.09780   0.99521
         7  1   3.00000   3.50000 -12.35954   3.36845   0.28527   0.95845
         8  2   1.00000   1.50000  -7.26259   2.92857   0.94272   0.33360
         9  1   3.00000   2.50000  -4.96469   4.93157   0.98174   0.19023
        10  2   1.00000   0.50000  -5.16092   4.75010   0.98024   0.19780

          N E U T R O N S
        11  1   0.00000   0.50000 -52.96679  44.46918   0.01786   0.99984
        12  1   1.00000   1.50000 -40.84996  32.36298   0.02455   0.99970
        13  1   1.00000   0.50000 -38.06483  29.58152   0.02686   0.99964
        14  1   2.00000   2.50000 -28.39160  19.92902   0.03988   0.99920
        15  2   0.00000   0.50000 -23.31588  14.87495   0.05347   0.99857
        16  1   2.00000   1.50000 -22.92620  14.48755   0.05490   0.99849
        17  1   3.00000   3.50000 -16.22533   7.86148   0.10155   0.99483
        18  2   1.00000   1.50000 -11.25143   3.15451   0.26078   0.96540
        19  1   3.00000   2.50000  -8.40218   1.59318   0.73407   0.67908
        20  2   1.00000   0.50000  -8.97036   1.64935   0.60439   0.79669
        21  1   4.00000   4.50000  -4.50736   4.32114   0.98234   0.18709
