
                    EVEN-EVEN NUCLEUS Z = 28  A = 64
 GN =     0.380     GP =     0.596
 CN =   1.58848     CP =   1.84223     LAMN =  -8.52644     LAMP =  -9.53945

          P R O T O N S
         1  1   0.00000   0.50000 -46.80531  37.31136   0.02469   0.99970
         2  1   1.00000   1.50000 -35.42496  25.95098   0.03552   0.99937
         3  1   1.00000   0.50000 -32.97007  23.50293   0.03922   0.99923
         4  1   2.00000   2.50000 -23.82509  14.40393   0.06408   0.99794
         5  2   0.00000   0.50000 -19.32763   9.96003   0.09288   0.99568
         6  1   2.00000   1.50000 -18.82092   9.46253   0.09781   0.99520
         7  1   3.00000   3.50000 -12.35958   3.36852   0.28531   0.95844
         8  2   1.00000   1.50000  -7.26265   2.92877   0.94271   0.33362
         9  1   3.00000   2.50000  -4.96515   4.93133   0.98173   0.19026
        10  2   1.00000   0.50000  -5.16178   4.74951   0.98023   0.19785

          N E U T R O N S
        11  1   0.00000   0.50000 -52.96502  44.46696   0.01786   0.99984
        12  1   1.00000   1.50000 -40.84948  32.36205   0.02455   0.99970
        13  1   1.00000   0.50000 -38.06464  29.58088   0.02686   0.99964
        14  1   2.00000   2.50000 -28.39169  19.92865   0.03989   0.99920
        15  2   0.00000   0.50000 -23.31487  14.87350   0.05348   0.99857
        16  1   2.00000   1.50000 -22.92667  14.48758   0.05491   0.99849
        17  1   3.00000   3.50000 -16.22559   7.86131   0.10156   0.99483
        18  2   1.00000   1.50000 -11.25101   3.15381   0.26087   0.96537
        19  1   3.00000   2.50000  -8.40288   1.59328   0.73401   0.67914
        20  2   1.00000   0.50000  -8.97031   1.64933   0.60452   0.79659
        21  1   4.00000   4.50000  -4.50768   4.32131   0.98234   0.18710
