
                    EVEN-EVEN NUCLEUS Z = 28  A = 62
 GN =     0.000     GP =     0.000
 CN =   0.00000     CP =   0.00000     LAMN =  -7.99404     LAMP = -10.88315

          P R O T O N S
         1  1   0.00000   0.50000 -46.67059  35.78744   0.00000   1.00000
         2  1   1.00000   1.50000 -34.72334  23.84019   0.00000   1.00000
         3  1   1.00000   0.50000 -32.03854  21.15538   0.00000   1.00000
         4  1   2.00000   2.50000 -22.69308  11.80993   0.00000   1.00000
         5  2   0.00000   0.50000 -18.17114   7.28798   0.00000   1.00000
         6  1   2.00000   1.50000 -17.29561   6.41245   0.00000   1.00000
         7  1   3.00000   3.50000 -10.88415   0.00100   0.00000   1.00000
         8  2   1.00000   1.50000  -5.80996   5.07320   1.00000   0.00000
         9  1   3.00000   2.50000  -3.09209   7.79107   1.00000   0.00000
        10  2   1.00000   0.50000  -3.67097   7.21218   1.00000   0.00000

          N E U T R O N S
        11  1   0.00000   0.50000 -54.03228  46.03825   0.00000   1.00000
        12  1   1.00000   1.50000 -41.73045  33.73641   0.00000   1.00000
        13  1   1.00000   0.50000 -38.47040  30.47636   0.00000   1.00000
        14  1   2.00000   2.50000 -28.87077  20.87673   0.00000   1.00000
        15  2   0.00000   0.50000 -22.96567  14.97164   0.00000   1.00000
        16  1   2.00000   1.50000 -22.74569  14.75165   0.00000   1.00000
        17  1   3.00000   3.50000 -16.32278   8.32875   0.00000   1.00000
        18  2   1.00000   1.50000 -11.14699   3.15295   0.00000   1.00000
        19  1   3.00000   2.50000  -7.99504   0.00100   0.00000   1.00000
        20  2   1.00000   0.50000  -8.82685   0.83282   0.00000   1.00000
        21  1   4.00000   4.50000  -4.27937   3.71467   1.00000   0.00000
