
                    EVEN-EVEN NUCLEUS Z = 28  A = 62
 GN =     0.000     GP =     0.000
 CN =   0.00000     CP =   0.00000     LAMN =  -7.99404     LAMP = -10.88315

          P R O T O N S
         1  1   0.00000   0.50000 -46.67129  35.78814   0.00000   1.00000
         2  1   1.00000   1.50000 -34.72292  23.83977   0.00000   1.00000
         3  1   1.00000   0.50000 -32.03742  21.15427   0.00000   1.00000
         4  1   2.00000   2.50000 -22.69250  11.80935   0.00000   1.00000
         5  2   0.00000   0.50000 -18.17220   7.28904   0.00000   1.00000
         6  1   2.00000   1.50000 -17.29457   6.41142   0.00000   1.00000
         7  1   3.00000   3.50000 -10.88364   0.00049   0.00000   1.00000
         8  2   1.00000   1.50000  -5.81030   5.07286   1.00000   0.00000
         9  1   3.00000   2.50000  -3.09167   7.79148   1.00000   0.00000
        10  2   1.00000   0.50000  -3.67094   7.21221   1.00000   0.00000

          N E U T R O N S
        11  1   0.00000   0.50000 -54.03308  46.03905   0.00000   1.00000
        12  1   1.00000   1.50000 -41.73040  33.73636   0.00000   1.00000
        13  1   1.00000   0.50000 -38.46970  30.47567   0.00000   1.00000
        14  1   2.00000   2.50000 -28.87041  20.87637   0.00000   1.00000
        15  2   0.00000   0.50000 -22.96612  14.97209   0.00000   1.00000
        16  1   2.00000   1.50000 -22.74476  14.75073   0.00000   1.00000
        17  1   3.00000   3.50000 -16.32238   8.32834   0.00000   1.00000
        18  2   1.00000   1.50000 -11.14739   3.15336   0.00000   1.00000
        19  1   3.00000   2.50000  -7.99459   0.00055   0.00000   1.00000
        20  2   1.00000   0.50000  -8.82710   0.83306   0.00000   1.00000
        21  1   4.00000   4.50000  -4.27908   3.71496   1.00000   0.00000
