
                    EVEN-EVEN NUCLEUS Z = 28  A = 62
 GN =     0.000     GP =     0.000
 CN =   0.00000     CP =   0.00000     LAMN =  -7.99404     LAMP = -10.88315

          P R O T O N S
         1  1   0.00000   0.50000 -46.67149  35.78834   0.00000   1.00000
         2  1   1.00000   1.50000 -34.72306  23.83990   0.00000   1.00000
         3  1   1.00000   0.50000 -32.03733  21.15418   0.00000   1.00000
         4  1   2.00000   2.50000 -22.69250  11.80935   0.00000   1.00000
         5  2   0.00000   0.50000 -18.17209   7.28894   0.00000   1.00000
         6  1   2.00000   1.50000 -17.29455   6.41139   0.00000   1.00000
         7  1   3.00000   3.50000 -10.88361   0.00045   0.00000   1.00000
         8  2   1.00000   1.50000  -5.81054   5.07262   1.00000   0.00000
         9  1   3.00000   2.50000  -3.09165   7.79151   1.00000   0.00000
        10  2   1.00000   0.50000  -3.67076   7.21239   1.00000   0.00000

          N E U T R O N S
        11  1   0.00000   0.50000 -54.03384  46.03981   0.00000   1.00000
        12  1   1.00000   1.50000 -41.73055  33.73651   0.00000   1.00000
        13  1   1.00000   0.50000 -38.46959  30.47555   0.00000   1.00000
        14  1   2.00000   2.50000 -28.87042  20.87639   0.00000   1.00000
        15  2   0.00000   0.50000 -22.96704  14.97301   0.00000   1.00000
        16  1   2.00000   1.50000 -22.74473  14.75069   0.00000   1.00000
        17  1   3.00000   3.50000 -16.32235   8.32831   0.00000   1.00000
        18  2   1.00000   1.50000 -11.14765   3.15362   0.00000   1.00000
        19  1   3.00000   2.50000  -7.99457   0.00053   0.00000   1.00000
        20  2   1.00000   0.50000  -8.82687   0.83283   0.00000   1.00000
        21  1   4.00000   4.50000  -4.27905   3.71499   1.00000   0.00000
