
                    EVEN-EVEN NUCLEUS Z = 28  A = 62
 GN =     0.000     GP =     0.000
 CN =   0.00000     CP =   0.00000     LAMN =  -7.99404     LAMP = -10.88315

          P R O T O N S
         1  1   0.00000   0.50000 -46.67193  35.78877   0.00000   1.00000
         2  1   1.00000   1.50000 -34.72305  23.83989   0.00000   1.00000
         3  1   1.00000   0.50000 -32.03733  21.15418   0.00000   1.00000
         4  1   2.00000   2.50000 -22.69250  11.80934   0.00000   1.00000
         5  2   0.00000   0.50000 -18.17286   7.28970   0.00000   1.00000
         6  1   2.00000   1.50000 -17.29448   6.41132   0.00000   1.00000
         7  1   3.00000   3.50000 -10.88359   0.00043   0.00000   1.00000
         8  2   1.00000   1.50000  -5.81049   5.07267   1.00000   0.00000
         9  1   3.00000   2.50000  -3.09159   7.79156   1.00000   0.00000
        10  2   1.00000   0.50000  -3.67082   7.21233   1.00000   0.00000

          N E U T R O N S
        11  1   0.00000   0.50000 -54.03398  46.03995   0.00000   1.00000
        12  1   1.00000   1.50000 -41.73055  33.73652   0.00000   1.00000
        13  1   1.00000   0.50000 -38.46957  30.47554   0.00000   1.00000
        14  1   2.00000   2.50000 -28.87042  20.87639   0.00000   1.00000
        15  2   0.00000   0.50000 -22.96726  14.97322   0.00000   1.00000
        16  1   2.00000   1.50000 -22.74469  14.75065   0.00000   1.00000
        17  1   3.00000   3.50000 -16.32234   8.32831   0.00000   1.00000
        18  2   1.00000   1.50000 -11.14759   3.15355   0.00000   1.00000
        19  1   3.00000   2.50000  -7.99452   0.00048   0.00000   1.00000
        20  2   1.00000   0.50000  -8.82685   0.83282   0.00000   1.00000
        21  1   4.00000   4.50000  -4.27903   3.71500   1.00000   0.00000
