
                    EVEN-EVEN NUCLEUS Z = 28  A = 62
 GN =     0.000     GP =     0.000
 CN =   0.00000     CP =   0.00000     LAMN =  -7.99404     LAMP = -10.88315

          P R O T O N S
         1  1   0.00000   0.50000 -46.67064  35.78748   0.00000   1.00000
         2  1   1.00000   1.50000 -34.72274  23.83959   0.00000   1.00000
         3  1   1.00000   0.50000 -32.03728  21.15413   0.00000   1.00000
         4  1   2.00000   2.50000 -22.69247  11.80931   0.00000   1.00000
         5  2   0.00000   0.50000 -18.17147   7.28832   0.00000   1.00000
         6  1   2.00000   1.50000 -17.29449   6.41134   0.00000   1.00000
         7  1   3.00000   3.50000 -10.88364   0.00049   0.00000   1.00000
         8  2   1.00000   1.50000  -5.81006   5.07309   1.00000   0.00000
         9  1   3.00000   2.50000  -3.09166   7.79150   1.00000   0.00000
        10  2   1.00000   0.50000  -3.67089   7.21226   1.00000   0.00000

          N E U T R O N S
        11  1   0.00000   0.50000 -54.03216  46.03812   0.00000   1.00000
        12  1   1.00000   1.50000 -41.73021  33.73617   0.00000   1.00000
        13  1   1.00000   0.50000 -38.46959  30.47556   0.00000   1.00000
        14  1   2.00000   2.50000 -28.87037  20.87634   0.00000   1.00000
        15  2   0.00000   0.50000 -22.96497  14.97093   0.00000   1.00000
        16  1   2.00000   1.50000 -22.74471  14.75067   0.00000   1.00000
        17  1   3.00000   3.50000 -16.32237   8.32834   0.00000   1.00000
        18  2   1.00000   1.50000 -11.14712   3.15308   0.00000   1.00000
        19  1   3.00000   2.50000  -7.99456   0.00053   0.00000   1.00000
        20  2   1.00000   0.50000  -8.82703   0.83300   0.00000   1.00000
        21  1   4.00000   4.50000  -4.27908   3.71496   1.00000   0.00000
