
                    EVEN-EVEN NUCLEUS Z = 28  A = 60
 GN =     0.383     GP =     0.283
 CN =   0.92060     CP =   0.00000     LAMN = -10.04799     LAMP =  -9.63228

          P R O T O N S
         1  1   0.00000   0.50000 -46.04794  36.41566   0.00000   1.00000
         2  1   1.00000   1.50000 -33.82294  24.19066   0.00000   1.00000
         3  1   1.00000   0.50000 -31.16248  21.53020   0.00000   1.00000
         4  1   2.00000   2.50000 -21.55303  11.92075   0.00000   1.00000
         5  2   0.00000   0.50000 -17.03496   7.40268   0.00000   1.00000
         6  1   2.00000   1.50000 -16.13241   6.50013   0.00000   1.00000
         7  1   3.00000   3.50000  -9.63328   0.00100   0.00000   1.00000
         8  2   1.00000   1.50000  -4.76107   4.87121   1.00000   0.00000
         9  1   3.00000   2.50000  -1.72910   7.90318   1.00000   0.00000
        10  2   1.00000   0.50000  -2.55252   7.07976   1.00000   0.00000

          N E U T R O N S
        11  1   0.00000   0.50000 -54.52904  44.49058   0.01035   0.99995
        12  1   1.00000   1.50000 -41.65375  31.61917   0.01456   0.99989
        13  1   1.00000   0.50000 -38.51249  28.47939   0.01616   0.99987
        14  1   2.00000   2.50000 -28.72045  18.69514   0.02463   0.99970
        15  2   0.00000   0.50000 -23.77588  13.75873   0.03347   0.99944
        16  1   2.00000   1.50000 -22.75011  12.73544   0.03617   0.99935
        17  1   3.00000   3.50000 -16.21661   6.23694   0.07400   0.99726
        18  2   1.00000   1.50000 -11.23306   1.50063   0.32426   0.94597
        19  1   3.00000   2.50000  -7.86263   2.37134   0.98020   0.19803
        20  2   1.00000   0.50000  -8.73439   1.60407   0.95365   0.30090
        21  1   4.00000   4.50000  -4.19384   5.92609   0.99696   0.07791
