
                    EVEN-EVEN NUCLEUS Z = 28  A = 60
 GN =     0.383     GP =     0.283
 CN =   0.98034     CP =   0.00000     LAMN = -10.05458     LAMP =  -9.63228

          P R O T O N S
         1  1   0.00000   0.50000 -45.92158  36.28930   0.00000   1.00000
         2  1   1.00000   1.50000 -33.77754  24.14526   0.00000   1.00000
         3  1   1.00000   0.50000 -31.18927  21.55699   0.00000   1.00000
         4  1   2.00000   2.50000 -21.54777  11.91549   0.00000   1.00000
         5  2   0.00000   0.50000 -16.97642   7.34414   0.00000   1.00000
         6  1   2.00000   1.50000 -16.18410   6.55182   0.00000   1.00000
         7  1   3.00000   3.50000  -9.65831   0.02603   0.00000   1.00000
         8  2   1.00000   1.50000  -4.77029   4.86199   1.00000   0.00000
         9  1   3.00000   2.50000  -1.78755   7.84473   1.00000   0.00000
        10  2   1.00000   0.50000  -2.62079   7.01149   1.00000   0.00000

          N E U T R O N S
        11  1   0.00000   0.50000 -54.31601  44.27228   0.01107   0.99994
        12  1   1.00000   1.50000 -41.56939  31.53005   0.01555   0.99988
        13  1   1.00000   0.50000 -38.55063  28.51291   0.01719   0.99985
        14  1   2.00000   2.50000 -28.68221  18.65341   0.02629   0.99965
        15  2   0.00000   0.50000 -23.63919  13.61994   0.03601   0.99935
        16  1   2.00000   1.50000 -22.80849  12.79153   0.03835   0.99926
        17  1   3.00000   3.50000 -16.20775   6.23078   0.07892   0.99688
        18  2   1.00000   1.50000 -11.19630   1.50486   0.34735   0.93773
        19  1   3.00000   2.50000  -7.90041   2.36675   0.97729   0.21192
        20  2   1.00000   0.50000  -8.78506   1.60398   0.94644   0.32289
        21  1   4.00000   4.50000  -4.20988   5.92635   0.99655   0.08300
