
                    EVEN-EVEN NUCLEUS Z = 28  A = 60
 GN =     0.383     GP =     0.283
 CN =   0.98868     CP =   0.00000     LAMN = -10.05530     LAMP =  -9.63228

          P R O T O N S
         1  1   0.00000   0.50000 -45.90259  36.27031   0.00000   1.00000
         2  1   1.00000   1.50000 -33.77082  24.13854   0.00000   1.00000
         3  1   1.00000   0.50000 -31.19306  21.56078   0.00000   1.00000
         4  1   2.00000   2.50000 -21.54701  11.91473   0.00000   1.00000
         5  2   0.00000   0.50000 -16.96689   7.33461   0.00000   1.00000
         6  1   2.00000   1.50000 -16.19138   6.55910   0.00000   1.00000
         7  1   3.00000   3.50000  -9.66189   0.02961   0.00000   1.00000
         8  2   1.00000   1.50000  -4.77087   4.86141   1.00000   0.00000
         9  1   3.00000   2.50000  -1.79567   7.83661   1.00000   0.00000
        10  2   1.00000   0.50000  -2.63031   7.00198   1.00000   0.00000

          N E U T R O N S
        11  1   0.00000   0.50000 -54.28498  44.24073   0.01117   0.99994
        12  1   1.00000   1.50000 -41.55722  31.51744   0.01569   0.99988
        13  1   1.00000   0.50000 -38.55625  28.51809   0.01734   0.99985
        14  1   2.00000   2.50000 -28.67673  18.64766   0.02652   0.99965
        15  2   0.00000   0.50000 -23.61844  13.59913   0.03637   0.99934
        16  1   2.00000   1.50000 -22.81678  12.79972   0.03865   0.99925
        17  1   3.00000   3.50000 -16.20648   6.23013   0.07960   0.99683
        18  2   1.00000   1.50000 -11.19062   1.50547   0.35062   0.93652
        19  1   3.00000   2.50000  -7.90560   2.36616   0.97686   0.21387
        20  2   1.00000   0.50000  -8.79239   1.60388   0.94536   0.32603
        21  1   4.00000   4.50000  -4.21217   5.92619   0.99649   0.08371
