
                    EVEN-EVEN NUCLEUS Z = 28  A = 60
 GN =     0.383     GP =     0.283
 CN =   0.99034     CP =   0.00000     LAMN = -10.05560     LAMP =  -9.63228

          P R O T O N S
         1  1   0.00000   0.50000 -45.89925  36.26697   0.00000   1.00000
         2  1   1.00000   1.50000 -33.76961  24.13733   0.00000   1.00000
         3  1   1.00000   0.50000 -31.19384  21.56156   0.00000   1.00000
         4  1   2.00000   2.50000 -21.54692  11.91464   0.00000   1.00000
         5  2   0.00000   0.50000 -16.96560   7.33332   0.00000   1.00000
         6  1   2.00000   1.50000 -16.19289   6.56061   0.00000   1.00000
         7  1   3.00000   3.50000  -9.66259   0.03031   0.00000   1.00000
         8  2   1.00000   1.50000  -4.77110   4.86118   1.00000   0.00000
         9  1   3.00000   2.50000  -1.79742   7.83486   1.00000   0.00000
        10  2   1.00000   0.50000  -2.63228   7.00000   1.00000   0.00000

          N E U T R O N S
        11  1   0.00000   0.50000 -54.27870  44.23419   0.01120   0.99994
        12  1   1.00000   1.50000 -41.55505  31.51502   0.01571   0.99988
        13  1   1.00000   0.50000 -38.55725  28.51886   0.01737   0.99985
        14  1   2.00000   2.50000 -28.67591  18.64664   0.02656   0.99965
        15  2   0.00000   0.50000 -23.61391  13.59444   0.03645   0.99934
        16  1   2.00000   1.50000 -22.81847  12.80124   0.03871   0.99925
        17  1   3.00000   3.50000 -16.20645   6.23007   0.07973   0.99682
        18  2   1.00000   1.50000 -11.18964   1.50560   0.35127   0.93627
        19  1   3.00000   2.50000  -7.90690   2.36594   0.97677   0.21427
        20  2   1.00000   0.50000  -8.79388   1.60396   0.94515   0.32663
        21  1   4.00000   4.50000  -4.21275   5.92618   0.99648   0.08385
