
                    EVEN-EVEN NUCLEUS Z = 28  A = 60
 GN =     0.383     GP =     0.283
 CN =   0.98983     CP =   0.00000     LAMN = -10.05592     LAMP =  -9.63228

          P R O T O N S
         1  1   0.00000   0.50000 -45.90132  36.26904   0.00000   1.00000
         2  1   1.00000   1.50000 -33.76991  24.13762   0.00000   1.00000
         3  1   1.00000   0.50000 -31.19382  21.56154   0.00000   1.00000
         4  1   2.00000   2.50000 -21.54694  11.91466   0.00000   1.00000
         5  2   0.00000   0.50000 -16.96860   7.33631   0.00000   1.00000
         6  1   2.00000   1.50000 -16.19307   6.56079   0.00000   1.00000
         7  1   3.00000   3.50000  -9.66262   0.03034   0.00000   1.00000
         8  2   1.00000   1.50000  -4.77192   4.86036   1.00000   0.00000
         9  1   3.00000   2.50000  -1.79761   7.83467   1.00000   0.00000
        10  2   1.00000   0.50000  -2.63217   7.00011   1.00000   0.00000

          N E U T R O N S
        11  1   0.00000   0.50000 -54.28124  44.23640   0.01119   0.99994
        12  1   1.00000   1.50000 -41.55526  31.51488   0.01571   0.99988
        13  1   1.00000   0.50000 -38.55729  28.51855   0.01736   0.99985
        14  1   2.00000   2.50000 -28.67580  18.64617   0.02655   0.99965
        15  2   0.00000   0.50000 -23.61771  13.59787   0.03642   0.99934
        16  1   2.00000   1.50000 -22.81866  12.80106   0.03869   0.99925
        17  1   3.00000   3.50000 -16.20633   6.22955   0.07970   0.99682
        18  2   1.00000   1.50000 -11.19039   1.50559   0.35106   0.93635
        19  1   3.00000   2.50000  -7.90700   2.36593   0.97680   0.21415
        20  2   1.00000   0.50000  -8.79374   1.60402   0.94522   0.32643
        21  1   4.00000   4.50000  -4.21272   5.92644   0.99648   0.08380
