
                    EVEN-EVEN NUCLEUS Z = 28  A = 60
 GN =     0.423     GP =     0.590
 CN =   1.40050     CP =   1.70910     LAMN = -10.11608     LAMP =  -6.86573

          P R O T O N S
         1  1   0.00000   0.50000 -46.04794  39.21947   0.02179   0.99976
         2  1   1.00000   1.50000 -33.82294  27.01134   0.03165   0.99950
         3  1   1.00000   0.50000 -31.16248  24.35679   0.03511   0.99938
         4  1   2.00000   2.50000 -21.55303  14.78641   0.05789   0.99832
         5  2   0.00000   0.50000 -17.03496  10.31185   0.08316   0.99654
         6  1   2.00000   1.50000 -16.13241   9.42297   0.09107   0.99584
         7  1   3.00000   3.50000  -9.63328   3.25275   0.27310   0.96199
         8  2   1.00000   1.50000  -4.76107   2.71120   0.94241   0.33445
         9  1   3.00000   2.50000  -1.72910   5.41350   0.98713   0.15991
        10  2   1.00000   0.50000  -2.55252   4.63948   0.98226   0.18752

          N E U T R O N S
        11  1   0.00000   0.50000 -54.52904  44.43503   0.01576   0.99988
        12  1   1.00000   1.50000 -41.65375  31.56875   0.02219   0.99975
        13  1   1.00000   0.50000 -38.51249  28.43093   0.02464   0.99970
        14  1   2.00000   2.50000 -28.72045  18.65701   0.03756   0.99929
        15  2   0.00000   0.50000 -23.77588  13.73141   0.05106   0.99870
        16  1   2.00000   1.50000 -22.75011  12.71142   0.05517   0.99848
        17  1   3.00000   3.50000 -16.21661   6.25923   0.11259   0.99364
        18  2   1.00000   1.50000 -11.23306   1.79138   0.43386   0.90098
        19  1   3.00000   2.50000  -7.86263   2.65319   0.96160   0.27447
        20  2   1.00000   0.50000  -8.73439   1.96735   0.92258   0.38580
        21  1   4.00000   4.50000  -4.19384   6.08558   0.99327   0.11585
