
                    EVEN-EVEN NUCLEUS Z = 28  A = 60
 GN =     0.423     GP =     0.590
 CN =   1.47886     CP =   1.72553     LAMN = -10.12598     LAMP =  -6.91414

          P R O T O N S
         1  1   0.00000   0.50000 -45.61025  38.73457   0.02228   0.99975
         2  1   1.00000   1.50000 -33.62363  26.76517   0.03225   0.99948
         3  1   1.00000   0.50000 -30.97596  24.12362   0.03579   0.99936
         4  1   2.00000   2.50000 -21.51376  14.70124   0.05879   0.99827
         5  2   0.00000   0.50000 -16.89656  10.13046   0.08548   0.99634
         6  1   2.00000   1.50000 -16.14314   9.38893   0.09229   0.99573
         7  1   3.00000   3.50000  -9.69535   3.27301   0.27410   0.96170
         8  2   1.00000   1.50000  -4.77004   2.75220   0.94315   0.33238
         9  1   3.00000   2.50000  -1.91020   5.29309   0.98625   0.16527
        10  2   1.00000   0.50000  -2.62868   4.61980   0.98174   0.19023

          N E U T R O N S
        11  1   0.00000   0.50000 -54.01714  43.91607   0.01684   0.99986
        12  1   1.00000   1.50000 -41.36005  31.26906   0.02365   0.99972
        13  1   1.00000   0.50000 -38.38609  28.29878   0.02614   0.99966
        14  1   2.00000   2.50000 -28.55635  18.48961   0.04002   0.99920
        15  2   0.00000   0.50000 -23.57676  13.53184   0.05473   0.99850
        16  1   2.00000   1.50000 -22.76792  12.72814   0.05819   0.99831
        17  1   3.00000   3.50000 -16.14429   6.19735   0.12019   0.99275
        18  2   1.00000   1.50000 -11.16752   1.80882   0.46054   0.88764
        19  1   3.00000   2.50000  -7.94899   2.63179   0.95582   0.29395
        20  2   1.00000   0.50000  -8.78955   1.99326   0.91391   0.40591
        21  1   4.00000   4.50000  -4.21085   6.09720   0.99251   0.12219
