
                    EVEN-EVEN NUCLEUS Z = 28  A = 60
 GN =     0.423     GP =     0.590
 CN =   1.48781     CP =   1.72780     LAMN = -10.12913     LAMP =  -6.91997

          P R O T O N S
         1  1   0.00000   0.50000 -45.57521  38.69384   0.02233   0.99975
         2  1   1.00000   1.50000 -33.60999  26.74589   0.03232   0.99948
         3  1   1.00000   0.50000 -30.98136  24.12335   0.03583   0.99936
         4  1   2.00000   2.50000 -21.51121  14.69319   0.05890   0.99826
         5  2   0.00000   0.50000 -16.88149  10.11026   0.08576   0.99632
         6  1   2.00000   1.50000 -16.15638   9.39663   0.09233   0.99573
         7  1   3.00000   3.50000  -9.70147   3.27446   0.27436   0.96163
         8  2   1.00000   1.50000  -4.77262   2.75616   0.94316   0.33233
         9  1   3.00000   2.50000  -1.92580   5.28460   0.98616   0.16577
        10  2   1.00000   0.50000  -2.64593   4.61006   0.98161   0.19091

          N E U T R O N S
        11  1   0.00000   0.50000 -53.96453  43.86064   0.01696   0.99986
        12  1   1.00000   1.50000 -41.33555  31.24186   0.02382   0.99972
        13  1   1.00000   0.50000 -38.39192  28.30192   0.02629   0.99965
        14  1   2.00000   2.50000 -28.54449  18.47536   0.04030   0.99919
        15  2   0.00000   0.50000 -23.54985  13.50293   0.05518   0.99848
        16  1   2.00000   1.50000 -22.78153  12.73958   0.05849   0.99829
        17  1   3.00000   3.50000 -16.14169   6.19390   0.12099   0.99265
        18  2   1.00000   1.50000 -11.16053   1.81034   0.46383   0.88592
        19  1   3.00000   2.50000  -7.95950   2.63075   0.95517   0.29604
        20  2   1.00000   0.50000  -8.80237   1.99345   0.91257   0.40893
        21  1   4.00000   4.50000  -4.21584   6.09758   0.99242   0.12293
