
                    EVEN-EVEN NUCLEUS Z = 28  A = 60
 GN =     0.423     GP =     0.590
 CN =   1.48846     CP =   1.72862     LAMN = -10.12981     LAMP =  -6.92113

          P R O T O N S
         1  1   0.00000   0.50000 -45.57275  38.69026   0.02234   0.99975
         2  1   1.00000   1.50000 -33.60882  26.74362   0.03234   0.99948
         3  1   1.00000   0.50000 -30.98171  24.12260   0.03585   0.99936
         4  1   2.00000   2.50000 -21.51101  14.69193   0.05893   0.99826
         5  2   0.00000   0.50000 -16.88176  10.10951   0.08581   0.99631
         6  1   2.00000   1.50000 -16.15803   9.39725   0.09237   0.99572
         7  1   3.00000   3.50000  -9.70225   3.27456   0.27449   0.96159
         8  2   1.00000   1.50000  -4.77404   2.75647   0.94311   0.33247
         9  1   3.00000   2.50000  -1.92802   5.28386   0.98615   0.16587
        10  2   1.00000   0.50000  -2.64787   4.60965   0.98159   0.19102

          N E U T R O N S
        11  1   0.00000   0.50000 -53.96054  43.85599   0.01697   0.99986
        12  1   1.00000   1.50000 -41.33307  31.23874   0.02383   0.99972
        13  1   1.00000   0.50000 -38.39207  28.30143   0.02631   0.99965
        14  1   2.00000   2.50000 -28.54317  18.47343   0.04032   0.99919
        15  2   0.00000   0.50000 -23.54985  13.50234   0.05520   0.99848
        16  1   2.00000   1.50000 -22.78334  12.74078   0.05851   0.99829
        17  1   3.00000   3.50000 -16.14136   6.19308   0.12106   0.99265
        18  2   1.00000   1.50000 -11.16059   1.81053   0.46404   0.88581
        19  1   3.00000   2.50000  -7.96113   2.63034   0.95511   0.29624
        20  2   1.00000   0.50000  -8.80298   1.99399   0.91253   0.40901
        21  1   4.00000   4.50000  -4.21645   6.09781   0.99241   0.12298
