
                    EVEN-EVEN NUCLEUS Z = 28  A = 60
 GN =     0.423     GP =     0.590
 CN =   1.48929     CP =   1.72865     LAMN = -10.13021     LAMP =  -6.92144

          P R O T O N S
         1  1   0.00000   0.50000 -45.57000  38.68719   0.02235   0.99975
         2  1   1.00000   1.50000 -33.60790  26.74239   0.03234   0.99948
         3  1   1.00000   0.50000 -30.98195  24.12252   0.03585   0.99936
         4  1   2.00000   2.50000 -21.51100  14.69161   0.05893   0.99826
         5  2   0.00000   0.50000 -16.88048  10.10795   0.08583   0.99631
         6  1   2.00000   1.50000 -16.15896   9.39787   0.09236   0.99573
         7  1   3.00000   3.50000  -9.70270   3.27469   0.27448   0.96159
         8  2   1.00000   1.50000  -4.77388   2.75685   0.94313   0.33242
         9  1   3.00000   2.50000  -1.92933   5.28293   0.98614   0.16591
        10  2   1.00000   0.50000  -2.64907   4.60884   0.98158   0.19106

          N E U T R O N S
        11  1   0.00000   0.50000 -53.95554  43.85063   0.01698   0.99986
        12  1   1.00000   1.50000 -41.33175  31.23706   0.02385   0.99972
        13  1   1.00000   0.50000 -38.39243  28.30143   0.02632   0.99965
        14  1   2.00000   2.50000 -28.54287  18.47279   0.04034   0.99919
        15  2   0.00000   0.50000 -23.54532  13.49753   0.05525   0.99847
        16  1   2.00000   1.50000 -22.78420  12.74133   0.05854   0.99828
        17  1   3.00000   3.50000 -16.14156   6.19308   0.12113   0.99264
        18  2   1.00000   1.50000 -11.16001   1.81065   0.46436   0.88565
        19  1   3.00000   2.50000  -7.96222   2.63024   0.95505   0.29643
        20  2   1.00000   0.50000  -8.80437   1.99395   0.91240   0.40931
        21  1   4.00000   4.50000  -4.21695   6.09792   0.99240   0.12305
