
                    EVEN-EVEN NUCLEUS Z = 28  A = 58
 GN =     0.000     GP =     0.000
 CN =   0.00000     CP =   0.00000     LAMN = -11.12174     LAMP =  -8.35725

          P R O T O N S
         1  1   0.00000   0.50000 -44.92424  36.56699   0.00000   1.00000
         2  1   1.00000   1.50000 -32.72589  24.36864   0.00000   1.00000
         3  1   1.00000   0.50000 -30.29453  21.93728   0.00000   1.00000
         4  1   2.00000   2.50000 -20.34281  11.98556   0.00000   1.00000
         5  2   0.00000   0.50000 -15.49198   7.13473   0.00000   1.00000
         6  1   2.00000   1.50000 -14.97912   6.62187   0.00000   1.00000
         7  1   3.00000   3.50000  -8.35825   0.00100   0.00000   1.00000
         8  2   1.00000   1.50000  -3.49163   4.86562   1.00000   0.00000
         9  1   3.00000   2.50000  -0.37169   7.98556   1.00000   0.00000
        10  2   1.00000   0.50000  -1.51155   6.84570   1.00000   0.00000

          N E U T R O N S
        11  1   0.00000   0.50000 -54.31490  43.19317   0.00000   1.00000
        12  1   1.00000   1.50000 -41.59255  30.47082   0.00000   1.00000
        13  1   1.00000   0.50000 -38.91073  27.78900   0.00000   1.00000
        14  1   2.00000   2.50000 -28.66679  17.54505   0.00000   1.00000
        15  2   0.00000   0.50000 -23.52908  12.40734   0.00000   1.00000
        16  1   2.00000   1.50000 -22.97552  11.85379   0.00000   1.00000
        17  1   3.00000   3.50000 -16.18398   5.06224   0.00000   1.00000
        18  2   1.00000   1.50000 -11.12274   0.00100   0.00000   1.00000
        19  1   3.00000   2.50000  -7.81839   3.30335   1.00000   0.00000
        20  2   1.00000   0.50000  -8.90981   2.21192   1.00000   0.00000
        21  1   4.00000   4.50000  -4.17402   6.94772   1.00000   0.00000
        22  2   2.00000   2.50000  -0.11066  11.01108   1.00000   0.00000
