
                    EVEN-EVEN NUCLEUS Z = 28  A = 58
 GN =     0.000     GP =     0.000
 CN =   0.00000     CP =   0.00000     LAMN = -11.12174     LAMP =  -8.35725

          P R O T O N S
         1  1   0.00000   0.50000 -44.92426  36.56701   0.00000   1.00000
         2  1   1.00000   1.50000 -32.72594  24.36869   0.00000   1.00000
         3  1   1.00000   0.50000 -30.29447  21.93722   0.00000   1.00000
         4  1   2.00000   2.50000 -20.34281  11.98556   0.00000   1.00000
         5  2   0.00000   0.50000 -15.49170   7.13445   0.00000   1.00000
         6  1   2.00000   1.50000 -14.97894   6.62170   0.00000   1.00000
         7  1   3.00000   3.50000  -8.35820   0.00095   0.00000   1.00000
         8  2   1.00000   1.50000  -3.49141   4.86584   1.00000   0.00000
         9  1   3.00000   2.50000  -0.37145   7.98580   1.00000   0.00000
        10  2   1.00000   0.50000  -1.51131   6.84594   1.00000   0.00000

          N E U T R O N S
        11  1   0.00000   0.50000 -54.31467  43.19293   0.00000   1.00000
        12  1   1.00000   1.50000 -41.59269  30.47095   0.00000   1.00000
        13  1   1.00000   0.50000 -38.91082  27.78909   0.00000   1.00000
        14  1   2.00000   2.50000 -28.66682  17.54508   0.00000   1.00000
        15  2   0.00000   0.50000 -23.52810  12.40636   0.00000   1.00000
        16  1   2.00000   1.50000 -22.97536  11.85363   0.00000   1.00000
        17  1   3.00000   3.50000 -16.18393   5.06219   0.00000   1.00000
        18  2   1.00000   1.50000 -11.12261   0.00088   0.00000   1.00000
        19  1   3.00000   2.50000  -7.81813   3.30360   1.00000   0.00000
        20  2   1.00000   0.50000  -8.90977   2.21197   1.00000   0.00000
        21  1   4.00000   4.50000  -4.17392   6.94782   1.00000   0.00000
        22  2   2.00000   2.50000  -0.11055  11.01118   1.00000   0.00000
