
                    EVEN-EVEN NUCLEUS Z = 28  A = 58
 GN =     0.000     GP =     0.000
 CN =   0.00000     CP =   0.00000     LAMN = -11.12174     LAMP =  -8.35725

          P R O T O N S
         1  1   0.00000   0.50000 -44.92509  36.56784   0.00000   1.00000
         2  1   1.00000   1.50000 -32.72609  24.36884   0.00000   1.00000
         3  1   1.00000   0.50000 -30.29420  21.93695   0.00000   1.00000
         4  1   2.00000   2.50000 -20.34282  11.98558   0.00000   1.00000
         5  2   0.00000   0.50000 -15.49268   7.13543   0.00000   1.00000
         6  1   2.00000   1.50000 -14.97873   6.62149   0.00000   1.00000
         7  1   3.00000   3.50000  -8.35813   0.00088   0.00000   1.00000
         8  2   1.00000   1.50000  -3.49145   4.86580   1.00000   0.00000
         9  1   3.00000   2.50000  -0.37126   7.98599   1.00000   0.00000
        10  2   1.00000   0.50000  -1.51083   6.84642   1.00000   0.00000

          N E U T R O N S
        11  1   0.00000   0.50000 -54.31521  43.19348   0.00000   1.00000
        12  1   1.00000   1.50000 -41.59296  30.47123   0.00000   1.00000
        13  1   1.00000   0.50000 -38.91076  27.78902   0.00000   1.00000
        14  1   2.00000   2.50000 -28.66684  17.54511   0.00000   1.00000
        15  2   0.00000   0.50000 -23.52806  12.40633   0.00000   1.00000
        16  1   2.00000   1.50000 -22.97513  11.85339   0.00000   1.00000
        17  1   3.00000   3.50000 -16.18385   5.06211   0.00000   1.00000
        18  2   1.00000   1.50000 -11.12282   0.00109   0.00000   1.00000
        19  1   3.00000   2.50000  -7.81790   3.30384   1.00000   0.00000
        20  2   1.00000   0.50000  -8.90963   2.21210   1.00000   0.00000
        21  1   4.00000   4.50000  -4.17378   6.94795   1.00000   0.00000
        22  2   2.00000   2.50000  -0.11054  11.01120   1.00000   0.00000
