
                    EVEN-EVEN NUCLEUS Z = 28  A = 58
 GN =     0.000     GP =     0.000
 CN =   0.00000     CP =   0.00000     LAMN = -11.12174     LAMP =  -8.35725

          P R O T O N S
         1  1   0.00000   0.50000 -44.92306  36.56581   0.00000   1.00000
         2  1   1.00000   1.50000 -32.72562  24.36837   0.00000   1.00000
         3  1   1.00000   0.50000 -30.29456  21.93731   0.00000   1.00000
         4  1   2.00000   2.50000 -20.34278  11.98553   0.00000   1.00000
         5  2   0.00000   0.50000 -15.49054   7.13329   0.00000   1.00000
         6  1   2.00000   1.50000 -14.97905   6.62180   0.00000   1.00000
         7  1   3.00000   3.50000  -8.35825   0.00100   0.00000   1.00000
         8  2   1.00000   1.50000  -3.49100   4.86625   1.00000   0.00000
         9  1   3.00000   2.50000  -0.37156   7.98569   1.00000   0.00000
        10  2   1.00000   0.50000  -1.51155   6.84570   1.00000   0.00000

          N E U T R O N S
        11  1   0.00000   0.50000 -54.31354  43.19181   0.00000   1.00000
        12  1   1.00000   1.50000 -41.59236  30.47062   0.00000   1.00000
        13  1   1.00000   0.50000 -38.91096  27.78922   0.00000   1.00000
        14  1   2.00000   2.50000 -28.66678  17.54504   0.00000   1.00000
        15  2   0.00000   0.50000 -23.52705  12.40531   0.00000   1.00000
        16  1   2.00000   1.50000 -22.97545  11.85371   0.00000   1.00000
        17  1   3.00000   3.50000 -16.18398   5.06225   0.00000   1.00000
        18  2   1.00000   1.50000 -11.12220   0.00047   0.00000   1.00000
        19  1   3.00000   2.50000  -7.81823   3.30351   1.00000   0.00000
        20  2   1.00000   0.50000  -8.91013   2.21161   1.00000   0.00000
        21  1   4.00000   4.50000  -4.17400   6.94774   1.00000   0.00000
        22  2   2.00000   2.50000  -0.11048  11.01125   1.00000   0.00000
