
                    EVEN-EVEN NUCLEUS Z = 28  A = 58
 GN =     0.000     GP =     0.000
 CN =   0.00000     CP =   0.00000     LAMN = -11.12174     LAMP =  -8.35725

          P R O T O N S
         1  1   0.00000   0.50000 -44.92421  36.56696   0.00000   1.00000
         2  1   1.00000   1.50000 -32.72592  24.36867   0.00000   1.00000
         3  1   1.00000   0.50000 -30.29436  21.93711   0.00000   1.00000
         4  1   2.00000   2.50000 -20.34280  11.98555   0.00000   1.00000
         5  2   0.00000   0.50000 -15.49162   7.13437   0.00000   1.00000
         6  1   2.00000   1.50000 -14.97883   6.62158   0.00000   1.00000
         7  1   3.00000   3.50000  -8.35816   0.00091   0.00000   1.00000
         8  2   1.00000   1.50000  -3.49130   4.86595   1.00000   0.00000
         9  1   3.00000   2.50000  -0.37136   7.98589   1.00000   0.00000
        10  2   1.00000   0.50000  -1.51119   6.84606   1.00000   0.00000

          N E U T R O N S
        11  1   0.00000   0.50000 -54.31457  43.19284   0.00000   1.00000
        12  1   1.00000   1.50000 -41.59269  30.47096   0.00000   1.00000
        13  1   1.00000   0.50000 -38.91072  27.78898   0.00000   1.00000
        14  1   2.00000   2.50000 -28.66683  17.54509   0.00000   1.00000
        15  2   0.00000   0.50000 -23.52783  12.40610   0.00000   1.00000
        16  1   2.00000   1.50000 -22.97526  11.85353   0.00000   1.00000
        17  1   3.00000   3.50000 -16.18391   5.06218   0.00000   1.00000
        18  2   1.00000   1.50000 -11.12253   0.00079   0.00000   1.00000
        19  1   3.00000   2.50000  -7.81805   3.30368   1.00000   0.00000
        20  2   1.00000   0.50000  -8.90963   2.21210   1.00000   0.00000
        21  1   4.00000   4.50000  -4.17388   6.94785   1.00000   0.00000
        22  2   2.00000   2.50000  -0.11053  11.01121   1.00000   0.00000
