
                    EVEN-EVEN NUCLEUS Z = 28  A = 58
 GN =     0.397     GP =     0.590
 CN =   1.27723     CP =   1.70992     LAMN = -11.28075     LAMP =  -5.59741

          P R O T O N S
         1  1   0.00000   0.50000 -44.92424  39.36398   0.02172   0.99976
         2  1   1.00000   1.50000 -32.72589  27.18231   0.03147   0.99950
         3  1   1.00000   0.50000 -30.29453  24.75624   0.03456   0.99940
         4  1   2.00000   2.50000 -20.34281  14.84420   0.05769   0.99833
         5  2   0.00000   0.50000 -15.49198  10.04122   0.08546   0.99634
         6  1   2.00000   1.50000 -14.97912   9.53625   0.09002   0.99594
         7  1   3.00000   3.50000  -8.35825   3.24747   0.27372   0.96181
         8  2   1.00000   1.50000  -3.49163   2.71259   0.94242   0.33444
         9  1   3.00000   2.50000  -0.37169   5.49836   0.98753   0.15746
        10  2   1.00000   0.50000  -1.51155   4.42924   0.98043   0.19688

          N E U T R O N S
        11  1   0.00000   0.50000 -54.31490  43.05311   0.01483   0.99989
        12  1   1.00000   1.50000 -41.59255  30.33870   0.02105   0.99978
        13  1   1.00000   0.50000 -38.91073  27.65949   0.02309   0.99973
        14  1   2.00000   2.50000 -28.66679  17.43289   0.03666   0.99933
        15  2   0.00000   0.50000 -23.52908  12.31474   0.05193   0.99865
        16  1   2.00000   1.50000 -22.97552  11.76431   0.05436   0.99852
        17  1   3.00000   3.50000 -16.18398   5.06685   0.12707   0.99189
        18  2   1.00000   1.50000 -11.12274   1.28697   0.74926   0.66228
        19  1   3.00000   2.50000  -7.81839   3.69043   0.98443   0.17578
        20  2   1.00000   0.50000  -8.90981   2.69307   0.96963   0.24456
        21  1   4.00000   4.50000  -4.17402   7.22059   0.99605   0.08879
        22  2   2.00000   2.50000  -0.11066  11.24287   0.99838   0.05689
