
                    EVEN-EVEN NUCLEUS Z = 28  A = 58
 GN =     0.397     GP =     0.590
 CN =   1.29522     CP =   1.72254     LAMN = -11.27216     LAMP =  -5.61579

          P R O T O N S
         1  1   0.00000   0.50000 -44.61992  39.04215   0.02207   0.99976
         2  1   1.00000   1.50000 -32.56526  27.00447   0.03191   0.99949
         3  1   1.00000   0.50000 -30.04606  24.49093   0.03519   0.99938
         4  1   2.00000   2.50000 -20.30111  14.78600   0.05835   0.99830
         5  2   0.00000   0.50000 -15.42619   9.96048   0.08680   0.99623
         6  1   2.00000   1.50000 -14.91189   9.45435   0.09148   0.99581
         7  1   3.00000   3.50000  -8.38576   3.26188   0.27460   0.96156
         8  2   1.00000   1.50000  -3.48967   2.73634   0.94260   0.33392
         9  1   3.00000   2.50000  -0.48495   5.41227   0.98691   0.16124
        10  2   1.00000   0.50000  -1.50548   4.45665   0.98038   0.19712

          N E U T R O N S
        11  1   0.00000   0.50000 -54.04584  42.79328   0.01514   0.99989
        12  1   1.00000   1.50000 -41.39385  30.14952   0.02148   0.99977
        13  1   1.00000   0.50000 -38.71621  27.47459   0.02358   0.99972
        14  1   2.00000   2.50000 -28.54428  17.32061   0.03742   0.99930
        15  2   0.00000   0.50000 -23.48169  12.27803   0.05282   0.99860
        16  1   2.00000   1.50000 -22.90818  11.70788   0.05540   0.99846
        17  1   3.00000   3.50000 -16.11901   5.01693   0.13019   0.99149
        18  2   1.00000   1.50000 -11.10584   1.30586   0.75079   0.66054
        19  1   3.00000   2.50000  -7.86259   3.64730   0.98357   0.18053
        20  2   1.00000   0.50000  -8.90857   2.69522   0.96875   0.24803
        21  1   4.00000   4.50000  -4.16975   7.21955   0.99594   0.09007
        22  2   2.00000   2.50000  -0.19835  11.14931   0.99831   0.05818
