
                    EVEN-EVEN NUCLEUS Z = 28  A = 58
 GN =     0.397     GP =     0.590
 CN =   1.29615     CP =   1.72411     LAMN = -11.27239     LAMP =  -5.61688

          P R O T O N S
         1  1   0.00000   0.50000 -44.60996  39.03118   0.02209   0.99976
         2  1   1.00000   1.50000 -32.56021  26.99844   0.03195   0.99949
         3  1   1.00000   0.50000 -30.04462  24.48851   0.03522   0.99938
         4  1   2.00000   2.50000 -20.29923  14.78324   0.05841   0.99829
         5  2   0.00000   0.50000 -15.42332   9.95684   0.08691   0.99622
         6  1   2.00000   1.50000 -14.91386   9.45550   0.09155   0.99580
         7  1   3.00000   3.50000  -8.38634   3.26228   0.27483   0.96149
         8  2   1.00000   1.50000  -3.49065   2.73741   0.94253   0.33412
         9  1   3.00000   2.50000  -0.48920   5.40977   0.98688   0.16147
        10  2   1.00000   0.50000  -1.50946   4.45460   0.98032   0.19740

          N E U T R O N S
        11  1   0.00000   0.50000 -54.03314  42.78040   0.01515   0.99989
        12  1   1.00000   1.50000 -41.38717  30.14266   0.02151   0.99977
        13  1   1.00000   0.50000 -38.71388  27.47209   0.02360   0.99972
        14  1   2.00000   2.50000 -28.54132  17.31751   0.03745   0.99930
        15  2   0.00000   0.50000 -23.47740  12.27364   0.05288   0.99860
        16  1   2.00000   1.50000 -22.90994  11.70952   0.05543   0.99846
        17  1   3.00000   3.50000 -16.11874   5.01669   0.13029   0.99148
        18  2   1.00000   1.50000 -11.10533   1.30687   0.75094   0.66037
        19  1   3.00000   2.50000  -7.86643   3.64425   0.98352   0.18082
        20  2   1.00000   0.50000  -8.91136   2.69341   0.96866   0.24840
        21  1   4.00000   4.50000  -4.17150   7.21821   0.99593   0.09015
        22  2   2.00000   2.50000  -0.19945  11.14853   0.99830   0.05823
