
                    EVEN-EVEN NUCLEUS Z = 28  A = 58
 GN =     0.397     GP =     0.590
 CN =   1.29635     CP =   1.72440     LAMN = -11.27272     LAMP =  -5.61735

          P R O T O N S
         1  1   0.00000   0.50000 -44.60738  39.02814   0.02210   0.99976
         2  1   1.00000   1.50000 -32.55956  26.99734   0.03195   0.99949
         3  1   1.00000   0.50000 -30.04433  24.48778   0.03523   0.99938
         4  1   2.00000   2.50000 -20.29925  14.78282   0.05842   0.99829
         5  2   0.00000   0.50000 -15.42166   9.95480   0.08694   0.99621
         6  1   2.00000   1.50000 -14.91464   9.45585   0.09157   0.99580
         7  1   3.00000   3.50000  -8.38675   3.26239   0.27487   0.96148
         8  2   1.00000   1.50000  -3.49104   2.73765   0.94252   0.33415
         9  1   3.00000   2.50000  -0.49057   5.40901   0.98687   0.16152
        10  2   1.00000   0.50000  -1.51009   4.45456   0.98031   0.19744

          N E U T R O N S
        11  1   0.00000   0.50000 -54.03002  42.77695   0.01515   0.99989
        12  1   1.00000   1.50000 -41.38618  30.14136   0.02151   0.99977
        13  1   1.00000   0.50000 -38.71365  27.47153   0.02360   0.99972
        14  1   2.00000   2.50000 -28.54096  17.31683   0.03746   0.99930
        15  2   0.00000   0.50000 -23.47498  12.27093   0.05290   0.99860
        16  1   2.00000   1.50000 -22.91056  11.70982   0.05544   0.99846
        17  1   3.00000   3.50000 -16.11878   5.01646   0.13032   0.99147
        18  2   1.00000   1.50000 -11.10553   1.30709   0.75097   0.66034
        19  1   3.00000   2.50000  -7.86752   3.64361   0.98351   0.18088
        20  2   1.00000   0.50000  -8.91213   2.69312   0.96864   0.24847
        21  1   4.00000   4.50000  -4.17187   7.21821   0.99593   0.09016
        22  2   2.00000   2.50000  -0.20002  11.14832   0.99830   0.05824
