
                    EVEN-EVEN NUCLEUS Z = 28  A = 58
 GN =     0.397     GP =     0.590
 CN =   1.29623     CP =   1.72475     LAMN = -11.27333     LAMP =  -5.61763

          P R O T O N S
         1  1   0.00000   0.50000 -44.60983  39.03032   0.02210   0.99976
         2  1   1.00000   1.50000 -32.55986  26.99738   0.03196   0.99949
         3  1   1.00000   0.50000 -30.04427  24.48746   0.03524   0.99938
         4  1   2.00000   2.50000 -20.29924  14.78256   0.05844   0.99829
         5  2   0.00000   0.50000 -15.42518   9.95805   0.08693   0.99621
         6  1   2.00000   1.50000 -14.91464   9.45564   0.09159   0.99580
         7  1   3.00000   3.50000  -8.38670   3.26229   0.27494   0.96146
         8  2   1.00000   1.50000  -3.49181   2.73750   0.94249   0.33425
         9  1   3.00000   2.50000  -0.49065   5.40932   0.98687   0.16155
        10  2   1.00000   0.50000  -1.51010   4.45496   0.98031   0.19747

          N E U T R O N S
        11  1   0.00000   0.50000 -54.03312  42.77943   0.01515   0.99989
        12  1   1.00000   1.50000 -41.38649  30.14104   0.02151   0.99977
        13  1   1.00000   0.50000 -38.71349  27.47075   0.02360   0.99972
        14  1   2.00000   2.50000 -28.54095  17.31620   0.03745   0.99930
        15  2   0.00000   0.50000 -23.47966  12.27495   0.05287   0.99860
        16  1   2.00000   1.50000 -22.91058  11.70922   0.05544   0.99846
        17  1   3.00000   3.50000 -16.11873   5.01578   0.13033   0.99147
        18  2   1.00000   1.50000 -11.10630   1.30695   0.75093   0.66038
        19  1   3.00000   2.50000  -7.86761   3.64406   0.98351   0.18084
        20  2   1.00000   0.50000  -8.91193   2.69378   0.96866   0.24838
        21  1   4.00000   4.50000  -4.17186   7.21881   0.99593   0.09015
        22  2   2.00000   2.50000  -0.20021  11.14873   0.99830   0.05823
