
                    EVEN-EVEN NUCLEUS Z = 28  A = 60
 GN =     0.000     GP =     0.000
 CN =   0.00000     CP =   0.00000     LAMN = -11.23206     LAMP =  -9.63228

          P R O T O N S
         1  1   0.00000   0.50000 -46.04794  36.41566   0.00000   1.00000
         2  1   1.00000   1.50000 -33.82294  24.19066   0.00000   1.00000
         3  1   1.00000   0.50000 -31.16248  21.53020   0.00000   1.00000
         4  1   2.00000   2.50000 -21.55303  11.92075   0.00000   1.00000
         5  2   0.00000   0.50000 -17.03496   7.40268   0.00000   1.00000
         6  1   2.00000   1.50000 -16.13241   6.50013   0.00000   1.00000
         7  1   3.00000   3.50000  -9.63328   0.00100   0.00000   1.00000
         8  2   1.00000   1.50000  -4.76107   4.87121   1.00000   0.00000
         9  1   3.00000   2.50000  -1.72910   7.90318   1.00000   0.00000
        10  2   1.00000   0.50000  -2.55252   7.07976   1.00000   0.00000

          N E U T R O N S
        11  1   0.00000   0.50000 -54.52904  43.29698   0.00000   1.00000
        12  1   1.00000   1.50000 -41.65375  30.42170   0.00000   1.00000
        13  1   1.00000   0.50000 -38.51249  27.28044   0.00000   1.00000
        14  1   2.00000   2.50000 -28.72045  17.48839   0.00000   1.00000
        15  2   0.00000   0.50000 -23.77588  12.54383   0.00000   1.00000
        16  1   2.00000   1.50000 -22.75011  11.51806   0.00000   1.00000
        17  1   3.00000   3.50000 -16.21661   4.98456   0.00000   1.00000
        18  2   1.00000   1.50000 -11.23306   0.00100   0.00000   1.00000
        19  1   3.00000   2.50000  -7.86263   3.36942   1.00000   0.00000
        20  2   1.00000   0.50000  -8.73439   2.49767   1.00000   0.00000
        21  1   4.00000   4.50000  -4.19384   7.03821   1.00000   0.00000
