
                    EVEN-EVEN NUCLEUS Z = 28  A = 60
 GN =     0.000     GP =     0.000
 CN =   0.00000     CP =   0.00000     LAMN = -11.23206     LAMP =  -9.63228

          P R O T O N S
         1  1   0.00000   0.50000 -46.04885  36.41657   0.00000   1.00000
         2  1   1.00000   1.50000 -33.82278  24.19050   0.00000   1.00000
         3  1   1.00000   0.50000 -31.16279  21.53051   0.00000   1.00000
         4  1   2.00000   2.50000 -21.55301  11.92073   0.00000   1.00000
         5  2   0.00000   0.50000 -17.03719   7.40490   0.00000   1.00000
         6  1   2.00000   1.50000 -16.13268   6.50040   0.00000   1.00000
         7  1   3.00000   3.50000  -9.63338   0.00110   0.00000   1.00000
         8  2   1.00000   1.50000  -4.76120   4.87108   1.00000   0.00000
         9  1   3.00000   2.50000  -1.72938   7.90290   1.00000   0.00000
        10  2   1.00000   0.50000  -2.55312   7.07916   1.00000   0.00000

          N E U T R O N S
        11  1   0.00000   0.50000 -54.52972  43.29767   0.00000   1.00000
        12  1   1.00000   1.50000 -41.65352  30.42147   0.00000   1.00000
        13  1   1.00000   0.50000 -38.51281  27.28076   0.00000   1.00000
        14  1   2.00000   2.50000 -28.72039  17.48834   0.00000   1.00000
        15  2   0.00000   0.50000 -23.77779  12.54574   0.00000   1.00000
        16  1   2.00000   1.50000 -22.75040  11.51834   0.00000   1.00000
        17  1   3.00000   3.50000 -16.21668   4.98463   0.00000   1.00000
        18  2   1.00000   1.50000 -11.23304   0.00098   0.00000   1.00000
        19  1   3.00000   2.50000  -7.86289   3.36917   1.00000   0.00000
        20  2   1.00000   0.50000  -8.73494   2.49711   1.00000   0.00000
        21  1   4.00000   4.50000  -4.19398   7.03808   1.00000   0.00000
