
                    EVEN-EVEN NUCLEUS Z = 28  A = 60
 GN =     0.000     GP =     0.000
 CN =   0.00000     CP =   0.00000     LAMN = -11.23206     LAMP =  -9.63228

          P R O T O N S
         1  1   0.00000   0.50000 -46.05021  36.41793   0.00000   1.00000
         2  1   1.00000   1.50000 -33.82296  24.19068   0.00000   1.00000
         3  1   1.00000   0.50000 -31.16265  21.53037   0.00000   1.00000
         4  1   2.00000   2.50000 -21.55301  11.92073   0.00000   1.00000
         5  2   0.00000   0.50000 -17.03907   7.40679   0.00000   1.00000
         6  1   2.00000   1.50000 -16.13259   6.50031   0.00000   1.00000
         7  1   3.00000   3.50000  -9.63333   0.00105   0.00000   1.00000
         8  2   1.00000   1.50000  -4.76142   4.87086   1.00000   0.00000
         9  1   3.00000   2.50000  -1.72929   7.90299   1.00000   0.00000
        10  2   1.00000   0.50000  -2.55285   7.07943   1.00000   0.00000

          N E U T R O N S
        11  1   0.00000   0.50000 -54.53063  43.29858   0.00000   1.00000
        12  1   1.00000   1.50000 -41.65375  30.42169   0.00000   1.00000
        13  1   1.00000   0.50000 -38.51274  27.28069   0.00000   1.00000
        14  1   2.00000   2.50000 -28.72040  17.48834   0.00000   1.00000
        15  2   0.00000   0.50000 -23.77862  12.54656   0.00000   1.00000
        16  1   2.00000   1.50000 -22.75030  11.51825   0.00000   1.00000
        17  1   3.00000   3.50000 -16.21663   4.98457   0.00000   1.00000
        18  2   1.00000   1.50000 -11.23334   0.00129   0.00000   1.00000
        19  1   3.00000   2.50000  -7.86278   3.36928   1.00000   0.00000
        20  2   1.00000   0.50000  -8.73479   2.49727   1.00000   0.00000
        21  1   4.00000   4.50000  -4.19390   7.03816   1.00000   0.00000
