
                    EVEN-EVEN NUCLEUS Z = 28  A = 60
 GN =     0.000     GP =     0.000
 CN =   0.00000     CP =   0.00000     LAMN = -11.23206     LAMP =  -9.63228

          P R O T O N S
         1  1   0.00000   0.50000 -46.05079  36.41851   0.00000   1.00000
         2  1   1.00000   1.50000 -33.82321  24.19093   0.00000   1.00000
         3  1   1.00000   0.50000 -31.16252  21.53024   0.00000   1.00000
         4  1   2.00000   2.50000 -21.55302  11.92074   0.00000   1.00000
         5  2   0.00000   0.50000 -17.03922   7.40694   0.00000   1.00000
         6  1   2.00000   1.50000 -16.13244   6.50016   0.00000   1.00000
         7  1   3.00000   3.50000  -9.63324   0.00096   0.00000   1.00000
         8  2   1.00000   1.50000  -4.76167   4.87061   1.00000   0.00000
         9  1   3.00000   2.50000  -1.72910   7.90318   1.00000   0.00000
        10  2   1.00000   0.50000  -2.55250   7.07978   1.00000   0.00000

          N E U T R O N S
        11  1   0.00000   0.50000 -54.53216  43.30011   0.00000   1.00000
        12  1   1.00000   1.50000 -41.65405  30.42199   0.00000   1.00000
        13  1   1.00000   0.50000 -38.51252  27.28046   0.00000   1.00000
        14  1   2.00000   2.50000 -28.72044  17.48839   0.00000   1.00000
        15  2   0.00000   0.50000 -23.78035  12.54830   0.00000   1.00000
        16  1   2.00000   1.50000 -22.75015  11.51809   0.00000   1.00000
        17  1   3.00000   3.50000 -16.21658   4.98452   0.00000   1.00000
        18  2   1.00000   1.50000 -11.23367   0.00162   0.00000   1.00000
        19  1   3.00000   2.50000  -7.86264   3.36941   1.00000   0.00000
        20  2   1.00000   0.50000  -8.73432   2.49774   1.00000   0.00000
        21  1   4.00000   4.50000  -4.19382   7.03823   1.00000   0.00000
