
                    EVEN-EVEN NUCLEUS Z = 28  A = 60
 GN =     0.000     GP =     0.000
 CN =   0.00000     CP =   0.00000     LAMN = -11.23206     LAMP =  -9.63228

          P R O T O N S
         1  1   0.00000   0.50000 -46.04937  36.41709   0.00000   1.00000
         2  1   1.00000   1.50000 -33.82294  24.19066   0.00000   1.00000
         3  1   1.00000   0.50000 -31.16252  21.53024   0.00000   1.00000
         4  1   2.00000   2.50000 -21.55302  11.92074   0.00000   1.00000
         5  2   0.00000   0.50000 -17.03751   7.40523   0.00000   1.00000
         6  1   2.00000   1.50000 -16.13246   6.50018   0.00000   1.00000
         7  1   3.00000   3.50000  -9.63330   0.00102   0.00000   1.00000
         8  2   1.00000   1.50000  -4.76125   4.87103   1.00000   0.00000
         9  1   3.00000   2.50000  -1.72917   7.90311   1.00000   0.00000
        10  2   1.00000   0.50000  -2.55263   7.07965   1.00000   0.00000

          N E U T R O N S
        11  1   0.00000   0.50000 -54.52979  43.29774   0.00000   1.00000
        12  1   1.00000   1.50000 -41.65374  30.42168   0.00000   1.00000
        13  1   1.00000   0.50000 -38.51257  27.28051   0.00000   1.00000
        14  1   2.00000   2.50000 -28.72042  17.48836   0.00000   1.00000
        15  2   0.00000   0.50000 -23.77719  12.54513   0.00000   1.00000
        16  1   2.00000   1.50000 -22.75018  11.51812   0.00000   1.00000
        17  1   3.00000   3.50000 -16.21660   4.98455   0.00000   1.00000
        18  2   1.00000   1.50000 -11.23317   0.00112   0.00000   1.00000
        19  1   3.00000   2.50000  -7.86268   3.36937   1.00000   0.00000
        20  2   1.00000   0.50000  -8.73451   2.49754   1.00000   0.00000
        21  1   4.00000   4.50000  -4.19386   7.03820   1.00000   0.00000
